2019-12-01T18:36:44+00:00 CRITICAL Uncaught Error: Call to undefined function get_price_html() in C:\xampp\htdocs\cuisine\wp-content\themes\cuisine\template\template-about.php:226
Stack trace:
#0 C:\xampp\htdocs\cuisine\wp-includes\template-loader.php(98): include()
#1 C:\xampp\htdocs\cuisine\wp-blog-header.php(19): require_once('C:\\xampp\\htdocs...')
#2 C:\xampp\htdocs\cuisine\index.php(17): require('C:\\xampp\\htdocs...')
#3 {main}
  thrown in C:\xampp\htdocs\cuisine\wp-content\themes\cuisine\template\template-about.php on line 226

2019-12-01T18:38:28+00:00 CRITICAL Uncaught Error: Call to undefined function get_price_html() in C:\xampp\htdocs\cuisine\wp-content\themes\cuisine\template\template-about.php:226
Stack trace:
#0 C:\xampp\htdocs\cuisine\wp-includes\template-loader.php(98): include()
#1 C:\xampp\htdocs\cuisine\wp-blog-header.php(19): require_once('C:\\xampp\\htdocs...')
#2 C:\xampp\htdocs\cuisine\index.php(17): require('C:\\xampp\\htdocs...')
#3 {main}
  thrown in C:\xampp\htdocs\cuisine\wp-content\themes\cuisine\template\template-about.php on line 226

2019-12-01T18:41:54+00:00 CRITICAL Uncaught Error: Call to a member function get_price_html() on null in C:\xampp\htdocs\cuisine\wp-content\themes\cuisine\template\template-about.php:226
Stack trace:
#0 C:\xampp\htdocs\cuisine\wp-includes\template-loader.php(98): include()
#1 C:\xampp\htdocs\cuisine\wp-blog-header.php(19): require_once('C:\\xampp\\htdocs...')
#2 C:\xampp\htdocs\cuisine\index.php(17): require('C:\\xampp\\htdocs...')
#3 {main}
  thrown in C:\xampp\htdocs\cuisine\wp-content\themes\cuisine\template\template-about.php on line 226

2019-12-01T18:42:24+00:00 CRITICAL Uncaught Error: Call to a member function get_price_html() on int in C:\xampp\htdocs\cuisine\wp-content\themes\cuisine\template\template-about.php:226
Stack trace:
#0 C:\xampp\htdocs\cuisine\wp-includes\template-loader.php(98): include()
#1 C:\xampp\htdocs\cuisine\wp-blog-header.php(19): require_once('C:\\xampp\\htdocs...')
#2 C:\xampp\htdocs\cuisine\index.php(17): require('C:\\xampp\\htdocs...')
#3 {main}
  thrown in C:\xampp\htdocs\cuisine\wp-content\themes\cuisine\template\template-about.php on line 226

2019-12-01T18:44:01+00:00 CRITICAL Uncaught Error: Call to a member function get_price_html() on int in C:\xampp\htdocs\cuisine\wp-content\themes\cuisine\template\template-about.php:226
Stack trace:
#0 C:\xampp\htdocs\cuisine\wp-includes\template-loader.php(98): include()
#1 C:\xampp\htdocs\cuisine\wp-blog-header.php(19): require_once('C:\\xampp\\htdocs...')
#2 C:\xampp\htdocs\cuisine\index.php(17): require('C:\\xampp\\htdocs...')
#3 {main}
  thrown in C:\xampp\htdocs\cuisine\wp-content\themes\cuisine\template\template-about.php on line 226

