2020-11-25T03:15:17+00:00 CRITICAL Uncaught Error: Call to a member function get_address_fields() on null in /opt/lampp/htdocs/cuisine/wp-content/themes/cuisine/inc/woocommerce.php:138
Stack trace:
#0 /opt/lampp/htdocs/cuisine/wp-includes/class-wp-hook.php(285): action_woocommerce_checkout_billing()
#1 /opt/lampp/htdocs/cuisine/wp-includes/class-wp-hook.php(311): WP_Hook->apply_filters('', Array)
#2 /opt/lampp/htdocs/cuisine/wp-includes/plugin.php(478): WP_Hook->do_action(Array)
#3 /opt/lampp/htdocs/cuisine/wp-content/themes/cuisine/woocommerce/checkout/form-checkout.php(40): do_action('woocommerce_che...')
#4 /opt/lampp/htdocs/cuisine/wp-content/plugins/woocommerce/includes/wc-core-functions.php(344): include('/opt/lampp/htdo...')
#5 /opt/lampp/htdocs/cuisine/wp-content/plugins/woocommerce/includes/shortcodes/class-wc-shortcode-checkout.php(293): wc_get_template('checkout/form-c...', Array)
#6 /opt/lampp/htdocs/cuisine/wp-content/plugins/woocommerce/includes/shortcodes/class-wc-shortcode-checkout.php(67): WC_Shortcode_Checkout::checkout()
#7  in /opt/lampp/htdocs/cuisine/wp-content/themes/cuisine/inc/woocommerce.php on line 138

2020-11-25T03:16:44+00:00 CRITICAL Uncaught Error: Call to a member function get_address_fields() on null in /opt/lampp/htdocs/cuisine/wp-content/themes/cuisine/inc/woocommerce.php:141
Stack trace:
#0 /opt/lampp/htdocs/cuisine/wp-includes/class-wp-hook.php(285): action_woocommerce_checkout_billing()
#1 /opt/lampp/htdocs/cuisine/wp-includes/class-wp-hook.php(311): WP_Hook->apply_filters('', Array)
#2 /opt/lampp/htdocs/cuisine/wp-includes/plugin.php(478): WP_Hook->do_action(Array)
#3 /opt/lampp/htdocs/cuisine/wp-content/themes/cuisine/woocommerce/checkout/form-checkout.php(40): do_action('woocommerce_che...')
#4 /opt/lampp/htdocs/cuisine/wp-content/plugins/woocommerce/includes/wc-core-functions.php(344): include('/opt/lampp/htdo...')
#5 /opt/lampp/htdocs/cuisine/wp-content/plugins/woocommerce/includes/shortcodes/class-wc-shortcode-checkout.php(293): wc_get_template('checkout/form-c...', Array)
#6 /opt/lampp/htdocs/cuisine/wp-content/plugins/woocommerce/includes/shortcodes/class-wc-shortcode-checkout.php(67): WC_Shortcode_Checkout::checkout()
#7  in /opt/lampp/htdocs/cuisine/wp-content/themes/cuisine/inc/woocommerce.php on line 141

2020-11-25T03:17:41+00:00 CRITICAL Uncaught Error: Call to a member function get_address_fields() on null in /opt/lampp/htdocs/cuisine/wp-content/themes/cuisine/inc/woocommerce.php:136
Stack trace:
#0 /opt/lampp/htdocs/cuisine/wp-content/themes/cuisine/functions.php(97): require()
#1 /opt/lampp/htdocs/cuisine/wp-settings.php(514): include('/opt/lampp/htdo...')
#2 /opt/lampp/htdocs/cuisine/wp-config.php(91): require_once('/opt/lampp/htdo...')
#3 /opt/lampp/htdocs/cuisine/wp-load.php(37): require_once('/opt/lampp/htdo...')
#4 /opt/lampp/htdocs/cuisine/wp-blog-header.php(13): require_once('/opt/lampp/htdo...')
#5 /opt/lampp/htdocs/cuisine/index.php(17): require('/opt/lampp/htdo...')
#6 {main}
  thrown in /opt/lampp/htdocs/cuisine/wp-content/themes/cuisine/inc/woocommerce.php on line 136

2020-11-25T03:20:48+00:00 CRITICAL Uncaught Error: Call to a member function get_address_fields() on null in /opt/lampp/htdocs/cuisine/wp-content/themes/cuisine/inc/woocommerce.php:136
Stack trace:
#0 /opt/lampp/htdocs/cuisine/wp-content/themes/cuisine/functions.php(97): require()
#1 /opt/lampp/htdocs/cuisine/wp-settings.php(514): include('/opt/lampp/htdo...')
#2 /opt/lampp/htdocs/cuisine/wp-config.php(91): require_once('/opt/lampp/htdo...')
#3 /opt/lampp/htdocs/cuisine/wp-load.php(37): require_once('/opt/lampp/htdo...')
#4 /opt/lampp/htdocs/cuisine/wp-admin/admin-ajax.php(22): require_once('/opt/lampp/htdo...')
#5 {main}
  thrown in /opt/lampp/htdocs/cuisine/wp-content/themes/cuisine/inc/woocommerce.php on line 136

2020-11-25T03:22:48+00:00 CRITICAL Uncaught Error: Call to a member function get_address_fields() on null in /opt/lampp/htdocs/cuisine/wp-content/themes/cuisine/inc/woocommerce.php:136
Stack trace:
#0 /opt/lampp/htdocs/cuisine/wp-content/themes/cuisine/functions.php(97): require()
#1 /opt/lampp/htdocs/cuisine/wp-settings.php(514): include('/opt/lampp/htdo...')
#2 /opt/lampp/htdocs/cuisine/wp-config.php(91): require_once('/opt/lampp/htdo...')
#3 /opt/lampp/htdocs/cuisine/wp-load.php(37): require_once('/opt/lampp/htdo...')
#4 /opt/lampp/htdocs/cuisine/wp-admin/admin-ajax.php(22): require_once('/opt/lampp/htdo...')
#5 {main}
  thrown in /opt/lampp/htdocs/cuisine/wp-content/themes/cuisine/inc/woocommerce.php on line 136

2020-11-25T03:24:48+00:00 CRITICAL Uncaught Error: Call to a member function get_address_fields() on null in /opt/lampp/htdocs/cuisine/wp-content/themes/cuisine/inc/woocommerce.php:136
Stack trace:
#0 /opt/lampp/htdocs/cuisine/wp-content/themes/cuisine/functions.php(97): require()
#1 /opt/lampp/htdocs/cuisine/wp-settings.php(514): include('/opt/lampp/htdo...')
#2 /opt/lampp/htdocs/cuisine/wp-config.php(91): require_once('/opt/lampp/htdo...')
#3 /opt/lampp/htdocs/cuisine/wp-load.php(37): require_once('/opt/lampp/htdo...')
#4 /opt/lampp/htdocs/cuisine/wp-admin/admin-ajax.php(22): require_once('/opt/lampp/htdo...')
#5 {main}
  thrown in /opt/lampp/htdocs/cuisine/wp-content/themes/cuisine/inc/woocommerce.php on line 136

2020-11-25T03:26:49+00:00 CRITICAL Uncaught Error: Call to a member function get_address_fields() on null in /opt/lampp/htdocs/cuisine/wp-content/themes/cuisine/inc/woocommerce.php:136
Stack trace:
#0 /opt/lampp/htdocs/cuisine/wp-content/themes/cuisine/functions.php(97): require()
#1 /opt/lampp/htdocs/cuisine/wp-settings.php(514): include('/opt/lampp/htdo...')
#2 /opt/lampp/htdocs/cuisine/wp-config.php(91): require_once('/opt/lampp/htdo...')
#3 /opt/lampp/htdocs/cuisine/wp-load.php(37): require_once('/opt/lampp/htdo...')
#4 /opt/lampp/htdocs/cuisine/wp-admin/admin-ajax.php(22): require_once('/opt/lampp/htdo...')
#5 {main}
  thrown in /opt/lampp/htdocs/cuisine/wp-content/themes/cuisine/inc/woocommerce.php on line 136

2020-11-25T03:28:49+00:00 CRITICAL Uncaught Error: Call to a member function get_address_fields() on null in /opt/lampp/htdocs/cuisine/wp-content/themes/cuisine/inc/woocommerce.php:136
Stack trace:
#0 /opt/lampp/htdocs/cuisine/wp-content/themes/cuisine/functions.php(97): require()
#1 /opt/lampp/htdocs/cuisine/wp-settings.php(514): include('/opt/lampp/htdo...')
#2 /opt/lampp/htdocs/cuisine/wp-config.php(91): require_once('/opt/lampp/htdo...')
#3 /opt/lampp/htdocs/cuisine/wp-load.php(37): require_once('/opt/lampp/htdo...')
#4 /opt/lampp/htdocs/cuisine/wp-admin/admin-ajax.php(22): require_once('/opt/lampp/htdo...')
#5 {main}
  thrown in /opt/lampp/htdocs/cuisine/wp-content/themes/cuisine/inc/woocommerce.php on line 136

2020-11-25T03:30:49+00:00 CRITICAL Uncaught Error: Call to a member function get_address_fields() on null in /opt/lampp/htdocs/cuisine/wp-content/themes/cuisine/inc/woocommerce.php:136
Stack trace:
#0 /opt/lampp/htdocs/cuisine/wp-content/themes/cuisine/functions.php(97): require()
#1 /opt/lampp/htdocs/cuisine/wp-settings.php(514): include('/opt/lampp/htdo...')
#2 /opt/lampp/htdocs/cuisine/wp-config.php(91): require_once('/opt/lampp/htdo...')
#3 /opt/lampp/htdocs/cuisine/wp-load.php(37): require_once('/opt/lampp/htdo...')
#4 /opt/lampp/htdocs/cuisine/wp-admin/admin-ajax.php(22): require_once('/opt/lampp/htdo...')
#5 {main}
  thrown in /opt/lampp/htdocs/cuisine/wp-content/themes/cuisine/inc/woocommerce.php on line 136

2020-11-25T03:32:49+00:00 CRITICAL Uncaught Error: Call to a member function get_address_fields() on null in /opt/lampp/htdocs/cuisine/wp-content/themes/cuisine/inc/woocommerce.php:136
Stack trace:
#0 /opt/lampp/htdocs/cuisine/wp-content/themes/cuisine/functions.php(97): require()
#1 /opt/lampp/htdocs/cuisine/wp-settings.php(514): include('/opt/lampp/htdo...')
#2 /opt/lampp/htdocs/cuisine/wp-config.php(91): require_once('/opt/lampp/htdo...')
#3 /opt/lampp/htdocs/cuisine/wp-load.php(37): require_once('/opt/lampp/htdo...')
#4 /opt/lampp/htdocs/cuisine/wp-admin/admin-ajax.php(22): require_once('/opt/lampp/htdo...')
#5 {main}
  thrown in /opt/lampp/htdocs/cuisine/wp-content/themes/cuisine/inc/woocommerce.php on line 136

2020-11-25T03:34:49+00:00 CRITICAL Uncaught Error: Call to a member function get_address_fields() on null in /opt/lampp/htdocs/cuisine/wp-content/themes/cuisine/inc/woocommerce.php:136
Stack trace:
#0 /opt/lampp/htdocs/cuisine/wp-content/themes/cuisine/functions.php(97): require()
#1 /opt/lampp/htdocs/cuisine/wp-settings.php(514): include('/opt/lampp/htdo...')
#2 /opt/lampp/htdocs/cuisine/wp-config.php(91): require_once('/opt/lampp/htdo...')
#3 /opt/lampp/htdocs/cuisine/wp-load.php(37): require_once('/opt/lampp/htdo...')
#4 /opt/lampp/htdocs/cuisine/wp-admin/admin-ajax.php(22): require_once('/opt/lampp/htdo...')
#5 {main}
  thrown in /opt/lampp/htdocs/cuisine/wp-content/themes/cuisine/inc/woocommerce.php on line 136

2020-11-25T03:36:49+00:00 CRITICAL Uncaught Error: Call to a member function get_address_fields() on null in /opt/lampp/htdocs/cuisine/wp-content/themes/cuisine/inc/woocommerce.php:136
Stack trace:
#0 /opt/lampp/htdocs/cuisine/wp-content/themes/cuisine/functions.php(97): require()
#1 /opt/lampp/htdocs/cuisine/wp-settings.php(514): include('/opt/lampp/htdo...')
#2 /opt/lampp/htdocs/cuisine/wp-config.php(91): require_once('/opt/lampp/htdo...')
#3 /opt/lampp/htdocs/cuisine/wp-load.php(37): require_once('/opt/lampp/htdo...')
#4 /opt/lampp/htdocs/cuisine/wp-admin/admin-ajax.php(22): require_once('/opt/lampp/htdo...')
#5 {main}
  thrown in /opt/lampp/htdocs/cuisine/wp-content/themes/cuisine/inc/woocommerce.php on line 136

2020-11-25T03:38:49+00:00 CRITICAL Uncaught Error: Call to a member function get_address_fields() on null in /opt/lampp/htdocs/cuisine/wp-content/themes/cuisine/inc/woocommerce.php:136
Stack trace:
#0 /opt/lampp/htdocs/cuisine/wp-content/themes/cuisine/functions.php(97): require()
#1 /opt/lampp/htdocs/cuisine/wp-settings.php(514): include('/opt/lampp/htdo...')
#2 /opt/lampp/htdocs/cuisine/wp-config.php(91): require_once('/opt/lampp/htdo...')
#3 /opt/lampp/htdocs/cuisine/wp-load.php(37): require_once('/opt/lampp/htdo...')
#4 /opt/lampp/htdocs/cuisine/wp-admin/admin-ajax.php(22): require_once('/opt/lampp/htdo...')
#5 {main}
  thrown in /opt/lampp/htdocs/cuisine/wp-content/themes/cuisine/inc/woocommerce.php on line 136

2020-11-25T03:40:49+00:00 CRITICAL Uncaught Error: Call to a member function get_address_fields() on null in /opt/lampp/htdocs/cuisine/wp-content/themes/cuisine/inc/woocommerce.php:136
Stack trace:
#0 /opt/lampp/htdocs/cuisine/wp-content/themes/cuisine/functions.php(97): require()
#1 /opt/lampp/htdocs/cuisine/wp-settings.php(514): include('/opt/lampp/htdo...')
#2 /opt/lampp/htdocs/cuisine/wp-config.php(91): require_once('/opt/lampp/htdo...')
#3 /opt/lampp/htdocs/cuisine/wp-load.php(37): require_once('/opt/lampp/htdo...')
#4 /opt/lampp/htdocs/cuisine/wp-admin/admin-ajax.php(22): require_once('/opt/lampp/htdo...')
#5 {main}
  thrown in /opt/lampp/htdocs/cuisine/wp-content/themes/cuisine/inc/woocommerce.php on line 136

2020-11-25T03:42:49+00:00 CRITICAL Uncaught Error: Call to a member function get_address_fields() on null in /opt/lampp/htdocs/cuisine/wp-content/themes/cuisine/inc/woocommerce.php:136
Stack trace:
#0 /opt/lampp/htdocs/cuisine/wp-content/themes/cuisine/functions.php(97): require()
#1 /opt/lampp/htdocs/cuisine/wp-settings.php(514): include('/opt/lampp/htdo...')
#2 /opt/lampp/htdocs/cuisine/wp-config.php(91): require_once('/opt/lampp/htdo...')
#3 /opt/lampp/htdocs/cuisine/wp-load.php(37): require_once('/opt/lampp/htdo...')
#4 /opt/lampp/htdocs/cuisine/wp-admin/admin-ajax.php(22): require_once('/opt/lampp/htdo...')
#5 {main}
  thrown in /opt/lampp/htdocs/cuisine/wp-content/themes/cuisine/inc/woocommerce.php on line 136

2020-11-25T03:44:49+00:00 CRITICAL Uncaught Error: Call to a member function get_address_fields() on null in /opt/lampp/htdocs/cuisine/wp-content/themes/cuisine/inc/woocommerce.php:136
Stack trace:
#0 /opt/lampp/htdocs/cuisine/wp-content/themes/cuisine/functions.php(97): require()
#1 /opt/lampp/htdocs/cuisine/wp-settings.php(514): include('/opt/lampp/htdo...')
#2 /opt/lampp/htdocs/cuisine/wp-config.php(91): require_once('/opt/lampp/htdo...')
#3 /opt/lampp/htdocs/cuisine/wp-load.php(37): require_once('/opt/lampp/htdo...')
#4 /opt/lampp/htdocs/cuisine/wp-admin/admin-ajax.php(22): require_once('/opt/lampp/htdo...')
#5 {main}
  thrown in /opt/lampp/htdocs/cuisine/wp-content/themes/cuisine/inc/woocommerce.php on line 136

2020-11-25T03:46:49+00:00 CRITICAL Uncaught Error: Call to a member function get_address_fields() on null in /opt/lampp/htdocs/cuisine/wp-content/themes/cuisine/inc/woocommerce.php:136
Stack trace:
#0 /opt/lampp/htdocs/cuisine/wp-content/themes/cuisine/functions.php(97): require()
#1 /opt/lampp/htdocs/cuisine/wp-settings.php(514): include('/opt/lampp/htdo...')
#2 /opt/lampp/htdocs/cuisine/wp-config.php(91): require_once('/opt/lampp/htdo...')
#3 /opt/lampp/htdocs/cuisine/wp-load.php(37): require_once('/opt/lampp/htdo...')
#4 /opt/lampp/htdocs/cuisine/wp-admin/admin-ajax.php(22): require_once('/opt/lampp/htdo...')
#5 {main}
  thrown in /opt/lampp/htdocs/cuisine/wp-content/themes/cuisine/inc/woocommerce.php on line 136

2020-11-25T03:48:50+00:00 CRITICAL Uncaught Error: Call to a member function get_address_fields() on null in /opt/lampp/htdocs/cuisine/wp-content/themes/cuisine/inc/woocommerce.php:136
Stack trace:
#0 /opt/lampp/htdocs/cuisine/wp-content/themes/cuisine/functions.php(97): require()
#1 /opt/lampp/htdocs/cuisine/wp-settings.php(514): include('/opt/lampp/htdo...')
#2 /opt/lampp/htdocs/cuisine/wp-config.php(91): require_once('/opt/lampp/htdo...')
#3 /opt/lampp/htdocs/cuisine/wp-load.php(37): require_once('/opt/lampp/htdo...')
#4 /opt/lampp/htdocs/cuisine/wp-admin/admin-ajax.php(22): require_once('/opt/lampp/htdo...')
#5 {main}
  thrown in /opt/lampp/htdocs/cuisine/wp-content/themes/cuisine/inc/woocommerce.php on line 136

2020-11-25T03:50:50+00:00 CRITICAL Uncaught Error: Call to a member function get_address_fields() on null in /opt/lampp/htdocs/cuisine/wp-content/themes/cuisine/inc/woocommerce.php:136
Stack trace:
#0 /opt/lampp/htdocs/cuisine/wp-content/themes/cuisine/functions.php(97): require()
#1 /opt/lampp/htdocs/cuisine/wp-settings.php(514): include('/opt/lampp/htdo...')
#2 /opt/lampp/htdocs/cuisine/wp-config.php(91): require_once('/opt/lampp/htdo...')
#3 /opt/lampp/htdocs/cuisine/wp-load.php(37): require_once('/opt/lampp/htdo...')
#4 /opt/lampp/htdocs/cuisine/wp-admin/admin-ajax.php(22): require_once('/opt/lampp/htdo...')
#5 {main}
  thrown in /opt/lampp/htdocs/cuisine/wp-content/themes/cuisine/inc/woocommerce.php on line 136

2020-11-25T03:52:50+00:00 CRITICAL Uncaught Error: Call to a member function get_address_fields() on null in /opt/lampp/htdocs/cuisine/wp-content/themes/cuisine/inc/woocommerce.php:136
Stack trace:
#0 /opt/lampp/htdocs/cuisine/wp-content/themes/cuisine/functions.php(97): require()
#1 /opt/lampp/htdocs/cuisine/wp-settings.php(514): include('/opt/lampp/htdo...')
#2 /opt/lampp/htdocs/cuisine/wp-config.php(91): require_once('/opt/lampp/htdo...')
#3 /opt/lampp/htdocs/cuisine/wp-load.php(37): require_once('/opt/lampp/htdo...')
#4 /opt/lampp/htdocs/cuisine/wp-admin/admin-ajax.php(22): require_once('/opt/lampp/htdo...')
#5 {main}
  thrown in /opt/lampp/htdocs/cuisine/wp-content/themes/cuisine/inc/woocommerce.php on line 136

2020-11-25T03:54:50+00:00 CRITICAL Uncaught Error: Call to a member function get_address_fields() on null in /opt/lampp/htdocs/cuisine/wp-content/themes/cuisine/inc/woocommerce.php:136
Stack trace:
#0 /opt/lampp/htdocs/cuisine/wp-content/themes/cuisine/functions.php(97): require()
#1 /opt/lampp/htdocs/cuisine/wp-settings.php(514): include('/opt/lampp/htdo...')
#2 /opt/lampp/htdocs/cuisine/wp-config.php(91): require_once('/opt/lampp/htdo...')
#3 /opt/lampp/htdocs/cuisine/wp-load.php(37): require_once('/opt/lampp/htdo...')
#4 /opt/lampp/htdocs/cuisine/wp-admin/admin-ajax.php(22): require_once('/opt/lampp/htdo...')
#5 {main}
  thrown in /opt/lampp/htdocs/cuisine/wp-content/themes/cuisine/inc/woocommerce.php on line 136

2020-11-25T03:56:50+00:00 CRITICAL Uncaught Error: Call to a member function get_address_fields() on null in /opt/lampp/htdocs/cuisine/wp-content/themes/cuisine/inc/woocommerce.php:136
Stack trace:
#0 /opt/lampp/htdocs/cuisine/wp-content/themes/cuisine/functions.php(97): require()
#1 /opt/lampp/htdocs/cuisine/wp-settings.php(514): include('/opt/lampp/htdo...')
#2 /opt/lampp/htdocs/cuisine/wp-config.php(91): require_once('/opt/lampp/htdo...')
#3 /opt/lampp/htdocs/cuisine/wp-load.php(37): require_once('/opt/lampp/htdo...')
#4 /opt/lampp/htdocs/cuisine/wp-admin/admin-ajax.php(22): require_once('/opt/lampp/htdo...')
#5 {main}
  thrown in /opt/lampp/htdocs/cuisine/wp-content/themes/cuisine/inc/woocommerce.php on line 136

2020-11-25T03:58:50+00:00 CRITICAL Uncaught Error: Call to a member function get_address_fields() on null in /opt/lampp/htdocs/cuisine/wp-content/themes/cuisine/inc/woocommerce.php:136
Stack trace:
#0 /opt/lampp/htdocs/cuisine/wp-content/themes/cuisine/functions.php(97): require()
#1 /opt/lampp/htdocs/cuisine/wp-settings.php(514): include('/opt/lampp/htdo...')
#2 /opt/lampp/htdocs/cuisine/wp-config.php(91): require_once('/opt/lampp/htdo...')
#3 /opt/lampp/htdocs/cuisine/wp-load.php(37): require_once('/opt/lampp/htdo...')
#4 /opt/lampp/htdocs/cuisine/wp-admin/admin-ajax.php(22): require_once('/opt/lampp/htdo...')
#5 {main}
  thrown in /opt/lampp/htdocs/cuisine/wp-content/themes/cuisine/inc/woocommerce.php on line 136

2020-11-25T04:00:51+00:00 CRITICAL Uncaught Error: Call to a member function get_address_fields() on null in /opt/lampp/htdocs/cuisine/wp-content/themes/cuisine/inc/woocommerce.php:136
Stack trace:
#0 /opt/lampp/htdocs/cuisine/wp-content/themes/cuisine/functions.php(97): require()
#1 /opt/lampp/htdocs/cuisine/wp-settings.php(514): include('/opt/lampp/htdo...')
#2 /opt/lampp/htdocs/cuisine/wp-config.php(91): require_once('/opt/lampp/htdo...')
#3 /opt/lampp/htdocs/cuisine/wp-load.php(37): require_once('/opt/lampp/htdo...')
#4 /opt/lampp/htdocs/cuisine/wp-admin/admin-ajax.php(22): require_once('/opt/lampp/htdo...')
#5 {main}
  thrown in /opt/lampp/htdocs/cuisine/wp-content/themes/cuisine/inc/woocommerce.php on line 136

2020-11-25T04:02:51+00:00 CRITICAL Uncaught Error: Call to a member function get_address_fields() on null in /opt/lampp/htdocs/cuisine/wp-content/themes/cuisine/inc/woocommerce.php:136
Stack trace:
#0 /opt/lampp/htdocs/cuisine/wp-content/themes/cuisine/functions.php(97): require()
#1 /opt/lampp/htdocs/cuisine/wp-settings.php(514): include('/opt/lampp/htdo...')
#2 /opt/lampp/htdocs/cuisine/wp-config.php(91): require_once('/opt/lampp/htdo...')
#3 /opt/lampp/htdocs/cuisine/wp-load.php(37): require_once('/opt/lampp/htdo...')
#4 /opt/lampp/htdocs/cuisine/wp-admin/admin-ajax.php(22): require_once('/opt/lampp/htdo...')
#5 {main}
  thrown in /opt/lampp/htdocs/cuisine/wp-content/themes/cuisine/inc/woocommerce.php on line 136

2020-11-25T04:04:51+00:00 CRITICAL Uncaught Error: Call to a member function get_address_fields() on null in /opt/lampp/htdocs/cuisine/wp-content/themes/cuisine/inc/woocommerce.php:136
Stack trace:
#0 /opt/lampp/htdocs/cuisine/wp-content/themes/cuisine/functions.php(97): require()
#1 /opt/lampp/htdocs/cuisine/wp-settings.php(514): include('/opt/lampp/htdo...')
#2 /opt/lampp/htdocs/cuisine/wp-config.php(91): require_once('/opt/lampp/htdo...')
#3 /opt/lampp/htdocs/cuisine/wp-load.php(37): require_once('/opt/lampp/htdo...')
#4 /opt/lampp/htdocs/cuisine/wp-admin/admin-ajax.php(22): require_once('/opt/lampp/htdo...')
#5 {main}
  thrown in /opt/lampp/htdocs/cuisine/wp-content/themes/cuisine/inc/woocommerce.php on line 136

2020-11-25T04:06:51+00:00 CRITICAL Uncaught Error: Call to a member function get_address_fields() on null in /opt/lampp/htdocs/cuisine/wp-content/themes/cuisine/inc/woocommerce.php:136
Stack trace:
#0 /opt/lampp/htdocs/cuisine/wp-content/themes/cuisine/functions.php(97): require()
#1 /opt/lampp/htdocs/cuisine/wp-settings.php(514): include('/opt/lampp/htdo...')
#2 /opt/lampp/htdocs/cuisine/wp-config.php(91): require_once('/opt/lampp/htdo...')
#3 /opt/lampp/htdocs/cuisine/wp-load.php(37): require_once('/opt/lampp/htdo...')
#4 /opt/lampp/htdocs/cuisine/wp-admin/admin-ajax.php(22): require_once('/opt/lampp/htdo...')
#5 {main}
  thrown in /opt/lampp/htdocs/cuisine/wp-content/themes/cuisine/inc/woocommerce.php on line 136

2020-11-25T04:08:51+00:00 CRITICAL Uncaught Error: Call to a member function get_address_fields() on null in /opt/lampp/htdocs/cuisine/wp-content/themes/cuisine/inc/woocommerce.php:136
Stack trace:
#0 /opt/lampp/htdocs/cuisine/wp-content/themes/cuisine/functions.php(97): require()
#1 /opt/lampp/htdocs/cuisine/wp-settings.php(514): include('/opt/lampp/htdo...')
#2 /opt/lampp/htdocs/cuisine/wp-config.php(91): require_once('/opt/lampp/htdo...')
#3 /opt/lampp/htdocs/cuisine/wp-load.php(37): require_once('/opt/lampp/htdo...')
#4 /opt/lampp/htdocs/cuisine/wp-admin/admin-ajax.php(22): require_once('/opt/lampp/htdo...')
#5 {main}
  thrown in /opt/lampp/htdocs/cuisine/wp-content/themes/cuisine/inc/woocommerce.php on line 136

2020-11-25T04:10:51+00:00 CRITICAL Uncaught Error: Call to a member function get_address_fields() on null in /opt/lampp/htdocs/cuisine/wp-content/themes/cuisine/inc/woocommerce.php:136
Stack trace:
#0 /opt/lampp/htdocs/cuisine/wp-content/themes/cuisine/functions.php(97): require()
#1 /opt/lampp/htdocs/cuisine/wp-settings.php(514): include('/opt/lampp/htdo...')
#2 /opt/lampp/htdocs/cuisine/wp-config.php(91): require_once('/opt/lampp/htdo...')
#3 /opt/lampp/htdocs/cuisine/wp-load.php(37): require_once('/opt/lampp/htdo...')
#4 /opt/lampp/htdocs/cuisine/wp-admin/admin-ajax.php(22): require_once('/opt/lampp/htdo...')
#5 {main}
  thrown in /opt/lampp/htdocs/cuisine/wp-content/themes/cuisine/inc/woocommerce.php on line 136

2020-11-25T04:12:51+00:00 CRITICAL Uncaught Error: Call to a member function get_address_fields() on null in /opt/lampp/htdocs/cuisine/wp-content/themes/cuisine/inc/woocommerce.php:136
Stack trace:
#0 /opt/lampp/htdocs/cuisine/wp-content/themes/cuisine/functions.php(97): require()
#1 /opt/lampp/htdocs/cuisine/wp-settings.php(514): include('/opt/lampp/htdo...')
#2 /opt/lampp/htdocs/cuisine/wp-config.php(91): require_once('/opt/lampp/htdo...')
#3 /opt/lampp/htdocs/cuisine/wp-load.php(37): require_once('/opt/lampp/htdo...')
#4 /opt/lampp/htdocs/cuisine/wp-admin/admin-ajax.php(22): require_once('/opt/lampp/htdo...')
#5 {main}
  thrown in /opt/lampp/htdocs/cuisine/wp-content/themes/cuisine/inc/woocommerce.php on line 136

2020-11-25T04:14:52+00:00 CRITICAL Uncaught Error: Call to a member function get_address_fields() on null in /opt/lampp/htdocs/cuisine/wp-content/themes/cuisine/inc/woocommerce.php:136
Stack trace:
#0 /opt/lampp/htdocs/cuisine/wp-content/themes/cuisine/functions.php(97): require()
#1 /opt/lampp/htdocs/cuisine/wp-settings.php(514): include('/opt/lampp/htdo...')
#2 /opt/lampp/htdocs/cuisine/wp-config.php(91): require_once('/opt/lampp/htdo...')
#3 /opt/lampp/htdocs/cuisine/wp-load.php(37): require_once('/opt/lampp/htdo...')
#4 /opt/lampp/htdocs/cuisine/wp-admin/admin-ajax.php(22): require_once('/opt/lampp/htdo...')
#5 {main}
  thrown in /opt/lampp/htdocs/cuisine/wp-content/themes/cuisine/inc/woocommerce.php on line 136

2020-11-25T04:16:52+00:00 CRITICAL Uncaught Error: Call to a member function get_address_fields() on null in /opt/lampp/htdocs/cuisine/wp-content/themes/cuisine/inc/woocommerce.php:136
Stack trace:
#0 /opt/lampp/htdocs/cuisine/wp-content/themes/cuisine/functions.php(97): require()
#1 /opt/lampp/htdocs/cuisine/wp-settings.php(514): include('/opt/lampp/htdo...')
#2 /opt/lampp/htdocs/cuisine/wp-config.php(91): require_once('/opt/lampp/htdo...')
#3 /opt/lampp/htdocs/cuisine/wp-load.php(37): require_once('/opt/lampp/htdo...')
#4 /opt/lampp/htdocs/cuisine/wp-admin/admin-ajax.php(22): require_once('/opt/lampp/htdo...')
#5 {main}
  thrown in /opt/lampp/htdocs/cuisine/wp-content/themes/cuisine/inc/woocommerce.php on line 136

2020-11-25T04:18:52+00:00 CRITICAL Uncaught Error: Call to a member function get_address_fields() on null in /opt/lampp/htdocs/cuisine/wp-content/themes/cuisine/inc/woocommerce.php:136
Stack trace:
#0 /opt/lampp/htdocs/cuisine/wp-content/themes/cuisine/functions.php(97): require()
#1 /opt/lampp/htdocs/cuisine/wp-settings.php(514): include('/opt/lampp/htdo...')
#2 /opt/lampp/htdocs/cuisine/wp-config.php(91): require_once('/opt/lampp/htdo...')
#3 /opt/lampp/htdocs/cuisine/wp-load.php(37): require_once('/opt/lampp/htdo...')
#4 /opt/lampp/htdocs/cuisine/wp-admin/admin-ajax.php(22): require_once('/opt/lampp/htdo...')
#5 {main}
  thrown in /opt/lampp/htdocs/cuisine/wp-content/themes/cuisine/inc/woocommerce.php on line 136

2020-11-25T04:20:52+00:00 CRITICAL Uncaught Error: Call to a member function get_address_fields() on null in /opt/lampp/htdocs/cuisine/wp-content/themes/cuisine/inc/woocommerce.php:136
Stack trace:
#0 /opt/lampp/htdocs/cuisine/wp-content/themes/cuisine/functions.php(97): require()
#1 /opt/lampp/htdocs/cuisine/wp-settings.php(514): include('/opt/lampp/htdo...')
#2 /opt/lampp/htdocs/cuisine/wp-config.php(91): require_once('/opt/lampp/htdo...')
#3 /opt/lampp/htdocs/cuisine/wp-load.php(37): require_once('/opt/lampp/htdo...')
#4 /opt/lampp/htdocs/cuisine/wp-admin/admin-ajax.php(22): require_once('/opt/lampp/htdo...')
#5 {main}
  thrown in /opt/lampp/htdocs/cuisine/wp-content/themes/cuisine/inc/woocommerce.php on line 136

2020-11-25T04:22:52+00:00 CRITICAL Uncaught Error: Call to a member function get_address_fields() on null in /opt/lampp/htdocs/cuisine/wp-content/themes/cuisine/inc/woocommerce.php:136
Stack trace:
#0 /opt/lampp/htdocs/cuisine/wp-content/themes/cuisine/functions.php(97): require()
#1 /opt/lampp/htdocs/cuisine/wp-settings.php(514): include('/opt/lampp/htdo...')
#2 /opt/lampp/htdocs/cuisine/wp-config.php(91): require_once('/opt/lampp/htdo...')
#3 /opt/lampp/htdocs/cuisine/wp-load.php(37): require_once('/opt/lampp/htdo...')
#4 /opt/lampp/htdocs/cuisine/wp-admin/admin-ajax.php(22): require_once('/opt/lampp/htdo...')
#5 {main}
  thrown in /opt/lampp/htdocs/cuisine/wp-content/themes/cuisine/inc/woocommerce.php on line 136

2020-11-25T04:24:52+00:00 CRITICAL Uncaught Error: Call to a member function get_address_fields() on null in /opt/lampp/htdocs/cuisine/wp-content/themes/cuisine/inc/woocommerce.php:136
Stack trace:
#0 /opt/lampp/htdocs/cuisine/wp-content/themes/cuisine/functions.php(97): require()
#1 /opt/lampp/htdocs/cuisine/wp-settings.php(514): include('/opt/lampp/htdo...')
#2 /opt/lampp/htdocs/cuisine/wp-config.php(91): require_once('/opt/lampp/htdo...')
#3 /opt/lampp/htdocs/cuisine/wp-load.php(37): require_once('/opt/lampp/htdo...')
#4 /opt/lampp/htdocs/cuisine/wp-admin/admin-ajax.php(22): require_once('/opt/lampp/htdo...')
#5 {main}
  thrown in /opt/lampp/htdocs/cuisine/wp-content/themes/cuisine/inc/woocommerce.php on line 136

2020-11-25T04:26:52+00:00 CRITICAL Uncaught Error: Call to a member function get_address_fields() on null in /opt/lampp/htdocs/cuisine/wp-content/themes/cuisine/inc/woocommerce.php:136
Stack trace:
#0 /opt/lampp/htdocs/cuisine/wp-content/themes/cuisine/functions.php(97): require()
#1 /opt/lampp/htdocs/cuisine/wp-settings.php(514): include('/opt/lampp/htdo...')
#2 /opt/lampp/htdocs/cuisine/wp-config.php(91): require_once('/opt/lampp/htdo...')
#3 /opt/lampp/htdocs/cuisine/wp-load.php(37): require_once('/opt/lampp/htdo...')
#4 /opt/lampp/htdocs/cuisine/wp-admin/admin-ajax.php(22): require_once('/opt/lampp/htdo...')
#5 {main}
  thrown in /opt/lampp/htdocs/cuisine/wp-content/themes/cuisine/inc/woocommerce.php on line 136

2020-11-25T04:28:52+00:00 CRITICAL Uncaught Error: Call to a member function get_address_fields() on null in /opt/lampp/htdocs/cuisine/wp-content/themes/cuisine/inc/woocommerce.php:136
Stack trace:
#0 /opt/lampp/htdocs/cuisine/wp-content/themes/cuisine/functions.php(97): require()
#1 /opt/lampp/htdocs/cuisine/wp-settings.php(514): include('/opt/lampp/htdo...')
#2 /opt/lampp/htdocs/cuisine/wp-config.php(91): require_once('/opt/lampp/htdo...')
#3 /opt/lampp/htdocs/cuisine/wp-load.php(37): require_once('/opt/lampp/htdo...')
#4 /opt/lampp/htdocs/cuisine/wp-admin/admin-ajax.php(22): require_once('/opt/lampp/htdo...')
#5 {main}
  thrown in /opt/lampp/htdocs/cuisine/wp-content/themes/cuisine/inc/woocommerce.php on line 136

2020-11-25T04:30:53+00:00 CRITICAL Uncaught Error: Call to a member function get_address_fields() on null in /opt/lampp/htdocs/cuisine/wp-content/themes/cuisine/inc/woocommerce.php:136
Stack trace:
#0 /opt/lampp/htdocs/cuisine/wp-content/themes/cuisine/functions.php(97): require()
#1 /opt/lampp/htdocs/cuisine/wp-settings.php(514): include('/opt/lampp/htdo...')
#2 /opt/lampp/htdocs/cuisine/wp-config.php(91): require_once('/opt/lampp/htdo...')
#3 /opt/lampp/htdocs/cuisine/wp-load.php(37): require_once('/opt/lampp/htdo...')
#4 /opt/lampp/htdocs/cuisine/wp-admin/admin-ajax.php(22): require_once('/opt/lampp/htdo...')
#5 {main}
  thrown in /opt/lampp/htdocs/cuisine/wp-content/themes/cuisine/inc/woocommerce.php on line 136

2020-11-25T04:32:53+00:00 CRITICAL Uncaught Error: Call to a member function get_address_fields() on null in /opt/lampp/htdocs/cuisine/wp-content/themes/cuisine/inc/woocommerce.php:136
Stack trace:
#0 /opt/lampp/htdocs/cuisine/wp-content/themes/cuisine/functions.php(97): require()
#1 /opt/lampp/htdocs/cuisine/wp-settings.php(514): include('/opt/lampp/htdo...')
#2 /opt/lampp/htdocs/cuisine/wp-config.php(91): require_once('/opt/lampp/htdo...')
#3 /opt/lampp/htdocs/cuisine/wp-load.php(37): require_once('/opt/lampp/htdo...')
#4 /opt/lampp/htdocs/cuisine/wp-admin/admin-ajax.php(22): require_once('/opt/lampp/htdo...')
#5 {main}
  thrown in /opt/lampp/htdocs/cuisine/wp-content/themes/cuisine/inc/woocommerce.php on line 136

2020-11-25T04:34:53+00:00 CRITICAL Uncaught Error: Call to a member function get_address_fields() on null in /opt/lampp/htdocs/cuisine/wp-content/themes/cuisine/inc/woocommerce.php:136
Stack trace:
#0 /opt/lampp/htdocs/cuisine/wp-content/themes/cuisine/functions.php(97): require()
#1 /opt/lampp/htdocs/cuisine/wp-settings.php(514): include('/opt/lampp/htdo...')
#2 /opt/lampp/htdocs/cuisine/wp-config.php(91): require_once('/opt/lampp/htdo...')
#3 /opt/lampp/htdocs/cuisine/wp-load.php(37): require_once('/opt/lampp/htdo...')
#4 /opt/lampp/htdocs/cuisine/wp-admin/admin-ajax.php(22): require_once('/opt/lampp/htdo...')
#5 {main}
  thrown in /opt/lampp/htdocs/cuisine/wp-content/themes/cuisine/inc/woocommerce.php on line 136

2020-11-25T04:36:53+00:00 CRITICAL Uncaught Error: Call to a member function get_address_fields() on null in /opt/lampp/htdocs/cuisine/wp-content/themes/cuisine/inc/woocommerce.php:136
Stack trace:
#0 /opt/lampp/htdocs/cuisine/wp-content/themes/cuisine/functions.php(97): require()
#1 /opt/lampp/htdocs/cuisine/wp-settings.php(514): include('/opt/lampp/htdo...')
#2 /opt/lampp/htdocs/cuisine/wp-config.php(91): require_once('/opt/lampp/htdo...')
#3 /opt/lampp/htdocs/cuisine/wp-load.php(37): require_once('/opt/lampp/htdo...')
#4 /opt/lampp/htdocs/cuisine/wp-admin/admin-ajax.php(22): require_once('/opt/lampp/htdo...')
#5 {main}
  thrown in /opt/lampp/htdocs/cuisine/wp-content/themes/cuisine/inc/woocommerce.php on line 136

2020-11-25T04:38:53+00:00 CRITICAL Uncaught Error: Call to a member function get_address_fields() on null in /opt/lampp/htdocs/cuisine/wp-content/themes/cuisine/inc/woocommerce.php:136
Stack trace:
#0 /opt/lampp/htdocs/cuisine/wp-content/themes/cuisine/functions.php(97): require()
#1 /opt/lampp/htdocs/cuisine/wp-settings.php(514): include('/opt/lampp/htdo...')
#2 /opt/lampp/htdocs/cuisine/wp-config.php(91): require_once('/opt/lampp/htdo...')
#3 /opt/lampp/htdocs/cuisine/wp-load.php(37): require_once('/opt/lampp/htdo...')
#4 /opt/lampp/htdocs/cuisine/wp-admin/admin-ajax.php(22): require_once('/opt/lampp/htdo...')
#5 {main}
  thrown in /opt/lampp/htdocs/cuisine/wp-content/themes/cuisine/inc/woocommerce.php on line 136

2020-11-25T04:40:53+00:00 CRITICAL Uncaught Error: Call to a member function get_address_fields() on null in /opt/lampp/htdocs/cuisine/wp-content/themes/cuisine/inc/woocommerce.php:136
Stack trace:
#0 /opt/lampp/htdocs/cuisine/wp-content/themes/cuisine/functions.php(97): require()
#1 /opt/lampp/htdocs/cuisine/wp-settings.php(514): include('/opt/lampp/htdo...')
#2 /opt/lampp/htdocs/cuisine/wp-config.php(91): require_once('/opt/lampp/htdo...')
#3 /opt/lampp/htdocs/cuisine/wp-load.php(37): require_once('/opt/lampp/htdo...')
#4 /opt/lampp/htdocs/cuisine/wp-admin/admin-ajax.php(22): require_once('/opt/lampp/htdo...')
#5 {main}
  thrown in /opt/lampp/htdocs/cuisine/wp-content/themes/cuisine/inc/woocommerce.php on line 136

2020-11-25T04:42:53+00:00 CRITICAL Uncaught Error: Call to a member function get_address_fields() on null in /opt/lampp/htdocs/cuisine/wp-content/themes/cuisine/inc/woocommerce.php:136
Stack trace:
#0 /opt/lampp/htdocs/cuisine/wp-content/themes/cuisine/functions.php(97): require()
#1 /opt/lampp/htdocs/cuisine/wp-settings.php(514): include('/opt/lampp/htdo...')
#2 /opt/lampp/htdocs/cuisine/wp-config.php(91): require_once('/opt/lampp/htdo...')
#3 /opt/lampp/htdocs/cuisine/wp-load.php(37): require_once('/opt/lampp/htdo...')
#4 /opt/lampp/htdocs/cuisine/wp-admin/admin-ajax.php(22): require_once('/opt/lampp/htdo...')
#5 {main}
  thrown in /opt/lampp/htdocs/cuisine/wp-content/themes/cuisine/inc/woocommerce.php on line 136

2020-11-25T04:44:53+00:00 CRITICAL Uncaught Error: Call to a member function get_address_fields() on null in /opt/lampp/htdocs/cuisine/wp-content/themes/cuisine/inc/woocommerce.php:136
Stack trace:
#0 /opt/lampp/htdocs/cuisine/wp-content/themes/cuisine/functions.php(97): require()
#1 /opt/lampp/htdocs/cuisine/wp-settings.php(514): include('/opt/lampp/htdo...')
#2 /opt/lampp/htdocs/cuisine/wp-config.php(91): require_once('/opt/lampp/htdo...')
#3 /opt/lampp/htdocs/cuisine/wp-load.php(37): require_once('/opt/lampp/htdo...')
#4 /opt/lampp/htdocs/cuisine/wp-admin/admin-ajax.php(22): require_once('/opt/lampp/htdo...')
#5 {main}
  thrown in /opt/lampp/htdocs/cuisine/wp-content/themes/cuisine/inc/woocommerce.php on line 136

2020-11-25T04:46:53+00:00 CRITICAL Uncaught Error: Call to a member function get_address_fields() on null in /opt/lampp/htdocs/cuisine/wp-content/themes/cuisine/inc/woocommerce.php:136
Stack trace:
#0 /opt/lampp/htdocs/cuisine/wp-content/themes/cuisine/functions.php(97): require()
#1 /opt/lampp/htdocs/cuisine/wp-settings.php(514): include('/opt/lampp/htdo...')
#2 /opt/lampp/htdocs/cuisine/wp-config.php(91): require_once('/opt/lampp/htdo...')
#3 /opt/lampp/htdocs/cuisine/wp-load.php(37): require_once('/opt/lampp/htdo...')
#4 /opt/lampp/htdocs/cuisine/wp-admin/admin-ajax.php(22): require_once('/opt/lampp/htdo...')
#5 {main}
  thrown in /opt/lampp/htdocs/cuisine/wp-content/themes/cuisine/inc/woocommerce.php on line 136

2020-11-25T04:48:53+00:00 CRITICAL Uncaught Error: Call to a member function get_address_fields() on null in /opt/lampp/htdocs/cuisine/wp-content/themes/cuisine/inc/woocommerce.php:136
Stack trace:
#0 /opt/lampp/htdocs/cuisine/wp-content/themes/cuisine/functions.php(97): require()
#1 /opt/lampp/htdocs/cuisine/wp-settings.php(514): include('/opt/lampp/htdo...')
#2 /opt/lampp/htdocs/cuisine/wp-config.php(91): require_once('/opt/lampp/htdo...')
#3 /opt/lampp/htdocs/cuisine/wp-load.php(37): require_once('/opt/lampp/htdo...')
#4 /opt/lampp/htdocs/cuisine/wp-admin/admin-ajax.php(22): require_once('/opt/lampp/htdo...')
#5 {main}
  thrown in /opt/lampp/htdocs/cuisine/wp-content/themes/cuisine/inc/woocommerce.php on line 136

2020-11-25T04:50:53+00:00 CRITICAL Uncaught Error: Call to a member function get_address_fields() on null in /opt/lampp/htdocs/cuisine/wp-content/themes/cuisine/inc/woocommerce.php:136
Stack trace:
#0 /opt/lampp/htdocs/cuisine/wp-content/themes/cuisine/functions.php(97): require()
#1 /opt/lampp/htdocs/cuisine/wp-settings.php(514): include('/opt/lampp/htdo...')
#2 /opt/lampp/htdocs/cuisine/wp-config.php(91): require_once('/opt/lampp/htdo...')
#3 /opt/lampp/htdocs/cuisine/wp-load.php(37): require_once('/opt/lampp/htdo...')
#4 /opt/lampp/htdocs/cuisine/wp-admin/admin-ajax.php(22): require_once('/opt/lampp/htdo...')
#5 {main}
  thrown in /opt/lampp/htdocs/cuisine/wp-content/themes/cuisine/inc/woocommerce.php on line 136

2020-11-25T04:52:53+00:00 CRITICAL Uncaught Error: Call to a member function get_address_fields() on null in /opt/lampp/htdocs/cuisine/wp-content/themes/cuisine/inc/woocommerce.php:136
Stack trace:
#0 /opt/lampp/htdocs/cuisine/wp-content/themes/cuisine/functions.php(97): require()
#1 /opt/lampp/htdocs/cuisine/wp-settings.php(514): include('/opt/lampp/htdo...')
#2 /opt/lampp/htdocs/cuisine/wp-config.php(91): require_once('/opt/lampp/htdo...')
#3 /opt/lampp/htdocs/cuisine/wp-load.php(37): require_once('/opt/lampp/htdo...')
#4 /opt/lampp/htdocs/cuisine/wp-admin/admin-ajax.php(22): require_once('/opt/lampp/htdo...')
#5 {main}
  thrown in /opt/lampp/htdocs/cuisine/wp-content/themes/cuisine/inc/woocommerce.php on line 136

2020-11-25T04:54:53+00:00 CRITICAL Uncaught Error: Call to a member function get_address_fields() on null in /opt/lampp/htdocs/cuisine/wp-content/themes/cuisine/inc/woocommerce.php:136
Stack trace:
#0 /opt/lampp/htdocs/cuisine/wp-content/themes/cuisine/functions.php(97): require()
#1 /opt/lampp/htdocs/cuisine/wp-settings.php(514): include('/opt/lampp/htdo...')
#2 /opt/lampp/htdocs/cuisine/wp-config.php(91): require_once('/opt/lampp/htdo...')
#3 /opt/lampp/htdocs/cuisine/wp-load.php(37): require_once('/opt/lampp/htdo...')
#4 /opt/lampp/htdocs/cuisine/wp-admin/admin-ajax.php(22): require_once('/opt/lampp/htdo...')
#5 {main}
  thrown in /opt/lampp/htdocs/cuisine/wp-content/themes/cuisine/inc/woocommerce.php on line 136

2020-11-25T04:56:53+00:00 CRITICAL Uncaught Error: Call to a member function get_address_fields() on null in /opt/lampp/htdocs/cuisine/wp-content/themes/cuisine/inc/woocommerce.php:136
Stack trace:
#0 /opt/lampp/htdocs/cuisine/wp-content/themes/cuisine/functions.php(97): require()
#1 /opt/lampp/htdocs/cuisine/wp-settings.php(514): include('/opt/lampp/htdo...')
#2 /opt/lampp/htdocs/cuisine/wp-config.php(91): require_once('/opt/lampp/htdo...')
#3 /opt/lampp/htdocs/cuisine/wp-load.php(37): require_once('/opt/lampp/htdo...')
#4 /opt/lampp/htdocs/cuisine/wp-admin/admin-ajax.php(22): require_once('/opt/lampp/htdo...')
#5 {main}
  thrown in /opt/lampp/htdocs/cuisine/wp-content/themes/cuisine/inc/woocommerce.php on line 136

2020-11-25T04:58:53+00:00 CRITICAL Uncaught Error: Call to a member function get_address_fields() on null in /opt/lampp/htdocs/cuisine/wp-content/themes/cuisine/inc/woocommerce.php:136
Stack trace:
#0 /opt/lampp/htdocs/cuisine/wp-content/themes/cuisine/functions.php(97): require()
#1 /opt/lampp/htdocs/cuisine/wp-settings.php(514): include('/opt/lampp/htdo...')
#2 /opt/lampp/htdocs/cuisine/wp-config.php(91): require_once('/opt/lampp/htdo...')
#3 /opt/lampp/htdocs/cuisine/wp-load.php(37): require_once('/opt/lampp/htdo...')
#4 /opt/lampp/htdocs/cuisine/wp-admin/admin-ajax.php(22): require_once('/opt/lampp/htdo...')
#5 {main}
  thrown in /opt/lampp/htdocs/cuisine/wp-content/themes/cuisine/inc/woocommerce.php on line 136

2020-11-25T05:00:53+00:00 CRITICAL Uncaught Error: Call to a member function get_address_fields() on null in /opt/lampp/htdocs/cuisine/wp-content/themes/cuisine/inc/woocommerce.php:136
Stack trace:
#0 /opt/lampp/htdocs/cuisine/wp-content/themes/cuisine/functions.php(97): require()
#1 /opt/lampp/htdocs/cuisine/wp-settings.php(514): include('/opt/lampp/htdo...')
#2 /opt/lampp/htdocs/cuisine/wp-config.php(91): require_once('/opt/lampp/htdo...')
#3 /opt/lampp/htdocs/cuisine/wp-load.php(37): require_once('/opt/lampp/htdo...')
#4 /opt/lampp/htdocs/cuisine/wp-admin/admin-ajax.php(22): require_once('/opt/lampp/htdo...')
#5 {main}
  thrown in /opt/lampp/htdocs/cuisine/wp-content/themes/cuisine/inc/woocommerce.php on line 136

2020-11-25T05:02:53+00:00 CRITICAL Uncaught Error: Call to a member function get_address_fields() on null in /opt/lampp/htdocs/cuisine/wp-content/themes/cuisine/inc/woocommerce.php:136
Stack trace:
#0 /opt/lampp/htdocs/cuisine/wp-content/themes/cuisine/functions.php(97): require()
#1 /opt/lampp/htdocs/cuisine/wp-settings.php(514): include('/opt/lampp/htdo...')
#2 /opt/lampp/htdocs/cuisine/wp-config.php(91): require_once('/opt/lampp/htdo...')
#3 /opt/lampp/htdocs/cuisine/wp-load.php(37): require_once('/opt/lampp/htdo...')
#4 /opt/lampp/htdocs/cuisine/wp-admin/admin-ajax.php(22): require_once('/opt/lampp/htdo...')
#5 {main}
  thrown in /opt/lampp/htdocs/cuisine/wp-content/themes/cuisine/inc/woocommerce.php on line 136

2020-11-25T05:04:53+00:00 CRITICAL Uncaught Error: Call to a member function get_address_fields() on null in /opt/lampp/htdocs/cuisine/wp-content/themes/cuisine/inc/woocommerce.php:136
Stack trace:
#0 /opt/lampp/htdocs/cuisine/wp-content/themes/cuisine/functions.php(97): require()
#1 /opt/lampp/htdocs/cuisine/wp-settings.php(514): include('/opt/lampp/htdo...')
#2 /opt/lampp/htdocs/cuisine/wp-config.php(91): require_once('/opt/lampp/htdo...')
#3 /opt/lampp/htdocs/cuisine/wp-load.php(37): require_once('/opt/lampp/htdo...')
#4 /opt/lampp/htdocs/cuisine/wp-admin/admin-ajax.php(22): require_once('/opt/lampp/htdo...')
#5 {main}
  thrown in /opt/lampp/htdocs/cuisine/wp-content/themes/cuisine/inc/woocommerce.php on line 136

2020-11-25T05:06:53+00:00 CRITICAL Uncaught Error: Call to a member function get_address_fields() on null in /opt/lampp/htdocs/cuisine/wp-content/themes/cuisine/inc/woocommerce.php:136
Stack trace:
#0 /opt/lampp/htdocs/cuisine/wp-content/themes/cuisine/functions.php(97): require()
#1 /opt/lampp/htdocs/cuisine/wp-settings.php(514): include('/opt/lampp/htdo...')
#2 /opt/lampp/htdocs/cuisine/wp-config.php(91): require_once('/opt/lampp/htdo...')
#3 /opt/lampp/htdocs/cuisine/wp-load.php(37): require_once('/opt/lampp/htdo...')
#4 /opt/lampp/htdocs/cuisine/wp-admin/admin-ajax.php(22): require_once('/opt/lampp/htdo...')
#5 {main}
  thrown in /opt/lampp/htdocs/cuisine/wp-content/themes/cuisine/inc/woocommerce.php on line 136

2020-11-25T05:08:53+00:00 CRITICAL Uncaught Error: Call to a member function get_address_fields() on null in /opt/lampp/htdocs/cuisine/wp-content/themes/cuisine/inc/woocommerce.php:136
Stack trace:
#0 /opt/lampp/htdocs/cuisine/wp-content/themes/cuisine/functions.php(97): require()
#1 /opt/lampp/htdocs/cuisine/wp-settings.php(514): include('/opt/lampp/htdo...')
#2 /opt/lampp/htdocs/cuisine/wp-config.php(91): require_once('/opt/lampp/htdo...')
#3 /opt/lampp/htdocs/cuisine/wp-load.php(37): require_once('/opt/lampp/htdo...')
#4 /opt/lampp/htdocs/cuisine/wp-admin/admin-ajax.php(22): require_once('/opt/lampp/htdo...')
#5 {main}
  thrown in /opt/lampp/htdocs/cuisine/wp-content/themes/cuisine/inc/woocommerce.php on line 136

2020-11-25T05:10:53+00:00 CRITICAL Uncaught Error: Call to a member function get_address_fields() on null in /opt/lampp/htdocs/cuisine/wp-content/themes/cuisine/inc/woocommerce.php:136
Stack trace:
#0 /opt/lampp/htdocs/cuisine/wp-content/themes/cuisine/functions.php(97): require()
#1 /opt/lampp/htdocs/cuisine/wp-settings.php(514): include('/opt/lampp/htdo...')
#2 /opt/lampp/htdocs/cuisine/wp-config.php(91): require_once('/opt/lampp/htdo...')
#3 /opt/lampp/htdocs/cuisine/wp-load.php(37): require_once('/opt/lampp/htdo...')
#4 /opt/lampp/htdocs/cuisine/wp-admin/admin-ajax.php(22): require_once('/opt/lampp/htdo...')
#5 {main}
  thrown in /opt/lampp/htdocs/cuisine/wp-content/themes/cuisine/inc/woocommerce.php on line 136

2020-11-25T05:12:53+00:00 CRITICAL Uncaught Error: Call to a member function get_address_fields() on null in /opt/lampp/htdocs/cuisine/wp-content/themes/cuisine/inc/woocommerce.php:136
Stack trace:
#0 /opt/lampp/htdocs/cuisine/wp-content/themes/cuisine/functions.php(97): require()
#1 /opt/lampp/htdocs/cuisine/wp-settings.php(514): include('/opt/lampp/htdo...')
#2 /opt/lampp/htdocs/cuisine/wp-config.php(91): require_once('/opt/lampp/htdo...')
#3 /opt/lampp/htdocs/cuisine/wp-load.php(37): require_once('/opt/lampp/htdo...')
#4 /opt/lampp/htdocs/cuisine/wp-admin/admin-ajax.php(22): require_once('/opt/lampp/htdo...')
#5 {main}
  thrown in /opt/lampp/htdocs/cuisine/wp-content/themes/cuisine/inc/woocommerce.php on line 136

2020-11-25T05:14:54+00:00 CRITICAL Uncaught Error: Call to a member function get_address_fields() on null in /opt/lampp/htdocs/cuisine/wp-content/themes/cuisine/inc/woocommerce.php:136
Stack trace:
#0 /opt/lampp/htdocs/cuisine/wp-content/themes/cuisine/functions.php(97): require()
#1 /opt/lampp/htdocs/cuisine/wp-settings.php(514): include('/opt/lampp/htdo...')
#2 /opt/lampp/htdocs/cuisine/wp-config.php(91): require_once('/opt/lampp/htdo...')
#3 /opt/lampp/htdocs/cuisine/wp-load.php(37): require_once('/opt/lampp/htdo...')
#4 /opt/lampp/htdocs/cuisine/wp-admin/admin-ajax.php(22): require_once('/opt/lampp/htdo...')
#5 {main}
  thrown in /opt/lampp/htdocs/cuisine/wp-content/themes/cuisine/inc/woocommerce.php on line 136

2020-11-25T05:16:54+00:00 CRITICAL Uncaught Error: Call to a member function get_address_fields() on null in /opt/lampp/htdocs/cuisine/wp-content/themes/cuisine/inc/woocommerce.php:136
Stack trace:
#0 /opt/lampp/htdocs/cuisine/wp-content/themes/cuisine/functions.php(97): require()
#1 /opt/lampp/htdocs/cuisine/wp-settings.php(514): include('/opt/lampp/htdo...')
#2 /opt/lampp/htdocs/cuisine/wp-config.php(91): require_once('/opt/lampp/htdo...')
#3 /opt/lampp/htdocs/cuisine/wp-load.php(37): require_once('/opt/lampp/htdo...')
#4 /opt/lampp/htdocs/cuisine/wp-admin/admin-ajax.php(22): require_once('/opt/lampp/htdo...')
#5 {main}
  thrown in /opt/lampp/htdocs/cuisine/wp-content/themes/cuisine/inc/woocommerce.php on line 136

2020-11-25T05:18:54+00:00 CRITICAL Uncaught Error: Call to a member function get_address_fields() on null in /opt/lampp/htdocs/cuisine/wp-content/themes/cuisine/inc/woocommerce.php:136
Stack trace:
#0 /opt/lampp/htdocs/cuisine/wp-content/themes/cuisine/functions.php(97): require()
#1 /opt/lampp/htdocs/cuisine/wp-settings.php(514): include('/opt/lampp/htdo...')
#2 /opt/lampp/htdocs/cuisine/wp-config.php(91): require_once('/opt/lampp/htdo...')
#3 /opt/lampp/htdocs/cuisine/wp-load.php(37): require_once('/opt/lampp/htdo...')
#4 /opt/lampp/htdocs/cuisine/wp-admin/admin-ajax.php(22): require_once('/opt/lampp/htdo...')
#5 {main}
  thrown in /opt/lampp/htdocs/cuisine/wp-content/themes/cuisine/inc/woocommerce.php on line 136

2020-11-25T05:20:54+00:00 CRITICAL Uncaught Error: Call to a member function get_address_fields() on null in /opt/lampp/htdocs/cuisine/wp-content/themes/cuisine/inc/woocommerce.php:136
Stack trace:
#0 /opt/lampp/htdocs/cuisine/wp-content/themes/cuisine/functions.php(97): require()
#1 /opt/lampp/htdocs/cuisine/wp-settings.php(514): include('/opt/lampp/htdo...')
#2 /opt/lampp/htdocs/cuisine/wp-config.php(91): require_once('/opt/lampp/htdo...')
#3 /opt/lampp/htdocs/cuisine/wp-load.php(37): require_once('/opt/lampp/htdo...')
#4 /opt/lampp/htdocs/cuisine/wp-admin/admin-ajax.php(22): require_once('/opt/lampp/htdo...')
#5 {main}
  thrown in /opt/lampp/htdocs/cuisine/wp-content/themes/cuisine/inc/woocommerce.php on line 136

2020-11-25T05:22:54+00:00 CRITICAL Uncaught Error: Call to a member function get_address_fields() on null in /opt/lampp/htdocs/cuisine/wp-content/themes/cuisine/inc/woocommerce.php:136
Stack trace:
#0 /opt/lampp/htdocs/cuisine/wp-content/themes/cuisine/functions.php(97): require()
#1 /opt/lampp/htdocs/cuisine/wp-settings.php(514): include('/opt/lampp/htdo...')
#2 /opt/lampp/htdocs/cuisine/wp-config.php(91): require_once('/opt/lampp/htdo...')
#3 /opt/lampp/htdocs/cuisine/wp-load.php(37): require_once('/opt/lampp/htdo...')
#4 /opt/lampp/htdocs/cuisine/wp-admin/admin-ajax.php(22): require_once('/opt/lampp/htdo...')
#5 {main}
  thrown in /opt/lampp/htdocs/cuisine/wp-content/themes/cuisine/inc/woocommerce.php on line 136

2020-11-25T05:24:54+00:00 CRITICAL Uncaught Error: Call to a member function get_address_fields() on null in /opt/lampp/htdocs/cuisine/wp-content/themes/cuisine/inc/woocommerce.php:136
Stack trace:
#0 /opt/lampp/htdocs/cuisine/wp-content/themes/cuisine/functions.php(97): require()
#1 /opt/lampp/htdocs/cuisine/wp-settings.php(514): include('/opt/lampp/htdo...')
#2 /opt/lampp/htdocs/cuisine/wp-config.php(91): require_once('/opt/lampp/htdo...')
#3 /opt/lampp/htdocs/cuisine/wp-load.php(37): require_once('/opt/lampp/htdo...')
#4 /opt/lampp/htdocs/cuisine/wp-admin/admin-ajax.php(22): require_once('/opt/lampp/htdo...')
#5 {main}
  thrown in /opt/lampp/htdocs/cuisine/wp-content/themes/cuisine/inc/woocommerce.php on line 136

2020-11-25T05:26:55+00:00 CRITICAL Uncaught Error: Call to a member function get_address_fields() on null in /opt/lampp/htdocs/cuisine/wp-content/themes/cuisine/inc/woocommerce.php:136
Stack trace:
#0 /opt/lampp/htdocs/cuisine/wp-content/themes/cuisine/functions.php(97): require()
#1 /opt/lampp/htdocs/cuisine/wp-settings.php(514): include('/opt/lampp/htdo...')
#2 /opt/lampp/htdocs/cuisine/wp-config.php(91): require_once('/opt/lampp/htdo...')
#3 /opt/lampp/htdocs/cuisine/wp-load.php(37): require_once('/opt/lampp/htdo...')
#4 /opt/lampp/htdocs/cuisine/wp-admin/admin-ajax.php(22): require_once('/opt/lampp/htdo...')
#5 {main}
  thrown in /opt/lampp/htdocs/cuisine/wp-content/themes/cuisine/inc/woocommerce.php on line 136

2020-11-25T05:28:55+00:00 CRITICAL Uncaught Error: Call to a member function get_address_fields() on null in /opt/lampp/htdocs/cuisine/wp-content/themes/cuisine/inc/woocommerce.php:136
Stack trace:
#0 /opt/lampp/htdocs/cuisine/wp-content/themes/cuisine/functions.php(97): require()
#1 /opt/lampp/htdocs/cuisine/wp-settings.php(514): include('/opt/lampp/htdo...')
#2 /opt/lampp/htdocs/cuisine/wp-config.php(91): require_once('/opt/lampp/htdo...')
#3 /opt/lampp/htdocs/cuisine/wp-load.php(37): require_once('/opt/lampp/htdo...')
#4 /opt/lampp/htdocs/cuisine/wp-admin/admin-ajax.php(22): require_once('/opt/lampp/htdo...')
#5 {main}
  thrown in /opt/lampp/htdocs/cuisine/wp-content/themes/cuisine/inc/woocommerce.php on line 136

2020-11-25T05:30:55+00:00 CRITICAL Uncaught Error: Call to a member function get_address_fields() on null in /opt/lampp/htdocs/cuisine/wp-content/themes/cuisine/inc/woocommerce.php:136
Stack trace:
#0 /opt/lampp/htdocs/cuisine/wp-content/themes/cuisine/functions.php(97): require()
#1 /opt/lampp/htdocs/cuisine/wp-settings.php(514): include('/opt/lampp/htdo...')
#2 /opt/lampp/htdocs/cuisine/wp-config.php(91): require_once('/opt/lampp/htdo...')
#3 /opt/lampp/htdocs/cuisine/wp-load.php(37): require_once('/opt/lampp/htdo...')
#4 /opt/lampp/htdocs/cuisine/wp-admin/admin-ajax.php(22): require_once('/opt/lampp/htdo...')
#5 {main}
  thrown in /opt/lampp/htdocs/cuisine/wp-content/themes/cuisine/inc/woocommerce.php on line 136

2020-11-25T05:32:55+00:00 CRITICAL Uncaught Error: Call to a member function get_address_fields() on null in /opt/lampp/htdocs/cuisine/wp-content/themes/cuisine/inc/woocommerce.php:136
Stack trace:
#0 /opt/lampp/htdocs/cuisine/wp-content/themes/cuisine/functions.php(97): require()
#1 /opt/lampp/htdocs/cuisine/wp-settings.php(514): include('/opt/lampp/htdo...')
#2 /opt/lampp/htdocs/cuisine/wp-config.php(91): require_once('/opt/lampp/htdo...')
#3 /opt/lampp/htdocs/cuisine/wp-load.php(37): require_once('/opt/lampp/htdo...')
#4 /opt/lampp/htdocs/cuisine/wp-admin/admin-ajax.php(22): require_once('/opt/lampp/htdo...')
#5 {main}
  thrown in /opt/lampp/htdocs/cuisine/wp-content/themes/cuisine/inc/woocommerce.php on line 136

2020-11-25T05:34:55+00:00 CRITICAL Uncaught Error: Call to a member function get_address_fields() on null in /opt/lampp/htdocs/cuisine/wp-content/themes/cuisine/inc/woocommerce.php:136
Stack trace:
#0 /opt/lampp/htdocs/cuisine/wp-content/themes/cuisine/functions.php(97): require()
#1 /opt/lampp/htdocs/cuisine/wp-settings.php(514): include('/opt/lampp/htdo...')
#2 /opt/lampp/htdocs/cuisine/wp-config.php(91): require_once('/opt/lampp/htdo...')
#3 /opt/lampp/htdocs/cuisine/wp-load.php(37): require_once('/opt/lampp/htdo...')
#4 /opt/lampp/htdocs/cuisine/wp-admin/admin-ajax.php(22): require_once('/opt/lampp/htdo...')
#5 {main}
  thrown in /opt/lampp/htdocs/cuisine/wp-content/themes/cuisine/inc/woocommerce.php on line 136

2020-11-25T05:36:55+00:00 CRITICAL Uncaught Error: Call to a member function get_address_fields() on null in /opt/lampp/htdocs/cuisine/wp-content/themes/cuisine/inc/woocommerce.php:136
Stack trace:
#0 /opt/lampp/htdocs/cuisine/wp-content/themes/cuisine/functions.php(97): require()
#1 /opt/lampp/htdocs/cuisine/wp-settings.php(514): include('/opt/lampp/htdo...')
#2 /opt/lampp/htdocs/cuisine/wp-config.php(91): require_once('/opt/lampp/htdo...')
#3 /opt/lampp/htdocs/cuisine/wp-load.php(37): require_once('/opt/lampp/htdo...')
#4 /opt/lampp/htdocs/cuisine/wp-admin/admin-ajax.php(22): require_once('/opt/lampp/htdo...')
#5 {main}
  thrown in /opt/lampp/htdocs/cuisine/wp-content/themes/cuisine/inc/woocommerce.php on line 136

2020-11-25T05:38:55+00:00 CRITICAL Uncaught Error: Call to a member function get_address_fields() on null in /opt/lampp/htdocs/cuisine/wp-content/themes/cuisine/inc/woocommerce.php:136
Stack trace:
#0 /opt/lampp/htdocs/cuisine/wp-content/themes/cuisine/functions.php(97): require()
#1 /opt/lampp/htdocs/cuisine/wp-settings.php(514): include('/opt/lampp/htdo...')
#2 /opt/lampp/htdocs/cuisine/wp-config.php(91): require_once('/opt/lampp/htdo...')
#3 /opt/lampp/htdocs/cuisine/wp-load.php(37): require_once('/opt/lampp/htdo...')
#4 /opt/lampp/htdocs/cuisine/wp-admin/admin-ajax.php(22): require_once('/opt/lampp/htdo...')
#5 {main}
  thrown in /opt/lampp/htdocs/cuisine/wp-content/themes/cuisine/inc/woocommerce.php on line 136

2020-11-25T05:40:55+00:00 CRITICAL Uncaught Error: Call to a member function get_address_fields() on null in /opt/lampp/htdocs/cuisine/wp-content/themes/cuisine/inc/woocommerce.php:136
Stack trace:
#0 /opt/lampp/htdocs/cuisine/wp-content/themes/cuisine/functions.php(97): require()
#1 /opt/lampp/htdocs/cuisine/wp-settings.php(514): include('/opt/lampp/htdo...')
#2 /opt/lampp/htdocs/cuisine/wp-config.php(91): require_once('/opt/lampp/htdo...')
#3 /opt/lampp/htdocs/cuisine/wp-load.php(37): require_once('/opt/lampp/htdo...')
#4 /opt/lampp/htdocs/cuisine/wp-admin/admin-ajax.php(22): require_once('/opt/lampp/htdo...')
#5 {main}
  thrown in /opt/lampp/htdocs/cuisine/wp-content/themes/cuisine/inc/woocommerce.php on line 136

2020-11-25T05:42:55+00:00 CRITICAL Uncaught Error: Call to a member function get_address_fields() on null in /opt/lampp/htdocs/cuisine/wp-content/themes/cuisine/inc/woocommerce.php:136
Stack trace:
#0 /opt/lampp/htdocs/cuisine/wp-content/themes/cuisine/functions.php(97): require()
#1 /opt/lampp/htdocs/cuisine/wp-settings.php(514): include('/opt/lampp/htdo...')
#2 /opt/lampp/htdocs/cuisine/wp-config.php(91): require_once('/opt/lampp/htdo...')
#3 /opt/lampp/htdocs/cuisine/wp-load.php(37): require_once('/opt/lampp/htdo...')
#4 /opt/lampp/htdocs/cuisine/wp-admin/admin-ajax.php(22): require_once('/opt/lampp/htdo...')
#5 {main}
  thrown in /opt/lampp/htdocs/cuisine/wp-content/themes/cuisine/inc/woocommerce.php on line 136

2020-11-25T05:44:55+00:00 CRITICAL Uncaught Error: Call to a member function get_address_fields() on null in /opt/lampp/htdocs/cuisine/wp-content/themes/cuisine/inc/woocommerce.php:136
Stack trace:
#0 /opt/lampp/htdocs/cuisine/wp-content/themes/cuisine/functions.php(97): require()
#1 /opt/lampp/htdocs/cuisine/wp-settings.php(514): include('/opt/lampp/htdo...')
#2 /opt/lampp/htdocs/cuisine/wp-config.php(91): require_once('/opt/lampp/htdo...')
#3 /opt/lampp/htdocs/cuisine/wp-load.php(37): require_once('/opt/lampp/htdo...')
#4 /opt/lampp/htdocs/cuisine/wp-admin/admin-ajax.php(22): require_once('/opt/lampp/htdo...')
#5 {main}
  thrown in /opt/lampp/htdocs/cuisine/wp-content/themes/cuisine/inc/woocommerce.php on line 136

2020-11-25T05:46:55+00:00 CRITICAL Uncaught Error: Call to a member function get_address_fields() on null in /opt/lampp/htdocs/cuisine/wp-content/themes/cuisine/inc/woocommerce.php:136
Stack trace:
#0 /opt/lampp/htdocs/cuisine/wp-content/themes/cuisine/functions.php(97): require()
#1 /opt/lampp/htdocs/cuisine/wp-settings.php(514): include('/opt/lampp/htdo...')
#2 /opt/lampp/htdocs/cuisine/wp-config.php(91): require_once('/opt/lampp/htdo...')
#3 /opt/lampp/htdocs/cuisine/wp-load.php(37): require_once('/opt/lampp/htdo...')
#4 /opt/lampp/htdocs/cuisine/wp-admin/admin-ajax.php(22): require_once('/opt/lampp/htdo...')
#5 {main}
  thrown in /opt/lampp/htdocs/cuisine/wp-content/themes/cuisine/inc/woocommerce.php on line 136

2020-11-25T05:48:55+00:00 CRITICAL Uncaught Error: Call to a member function get_address_fields() on null in /opt/lampp/htdocs/cuisine/wp-content/themes/cuisine/inc/woocommerce.php:136
Stack trace:
#0 /opt/lampp/htdocs/cuisine/wp-content/themes/cuisine/functions.php(97): require()
#1 /opt/lampp/htdocs/cuisine/wp-settings.php(514): include('/opt/lampp/htdo...')
#2 /opt/lampp/htdocs/cuisine/wp-config.php(91): require_once('/opt/lampp/htdo...')
#3 /opt/lampp/htdocs/cuisine/wp-load.php(37): require_once('/opt/lampp/htdo...')
#4 /opt/lampp/htdocs/cuisine/wp-admin/admin-ajax.php(22): require_once('/opt/lampp/htdo...')
#5 {main}
  thrown in /opt/lampp/htdocs/cuisine/wp-content/themes/cuisine/inc/woocommerce.php on line 136

2020-11-25T05:50:55+00:00 CRITICAL Uncaught Error: Call to a member function get_address_fields() on null in /opt/lampp/htdocs/cuisine/wp-content/themes/cuisine/inc/woocommerce.php:136
Stack trace:
#0 /opt/lampp/htdocs/cuisine/wp-content/themes/cuisine/functions.php(97): require()
#1 /opt/lampp/htdocs/cuisine/wp-settings.php(514): include('/opt/lampp/htdo...')
#2 /opt/lampp/htdocs/cuisine/wp-config.php(91): require_once('/opt/lampp/htdo...')
#3 /opt/lampp/htdocs/cuisine/wp-load.php(37): require_once('/opt/lampp/htdo...')
#4 /opt/lampp/htdocs/cuisine/wp-admin/admin-ajax.php(22): require_once('/opt/lampp/htdo...')
#5 {main}
  thrown in /opt/lampp/htdocs/cuisine/wp-content/themes/cuisine/inc/woocommerce.php on line 136

2020-11-25T05:52:55+00:00 CRITICAL Uncaught Error: Call to a member function get_address_fields() on null in /opt/lampp/htdocs/cuisine/wp-content/themes/cuisine/inc/woocommerce.php:136
Stack trace:
#0 /opt/lampp/htdocs/cuisine/wp-content/themes/cuisine/functions.php(97): require()
#1 /opt/lampp/htdocs/cuisine/wp-settings.php(514): include('/opt/lampp/htdo...')
#2 /opt/lampp/htdocs/cuisine/wp-config.php(91): require_once('/opt/lampp/htdo...')
#3 /opt/lampp/htdocs/cuisine/wp-load.php(37): require_once('/opt/lampp/htdo...')
#4 /opt/lampp/htdocs/cuisine/wp-admin/admin-ajax.php(22): require_once('/opt/lampp/htdo...')
#5 {main}
  thrown in /opt/lampp/htdocs/cuisine/wp-content/themes/cuisine/inc/woocommerce.php on line 136

2020-11-25T05:54:56+00:00 CRITICAL Uncaught Error: Call to a member function get_address_fields() on null in /opt/lampp/htdocs/cuisine/wp-content/themes/cuisine/inc/woocommerce.php:136
Stack trace:
#0 /opt/lampp/htdocs/cuisine/wp-content/themes/cuisine/functions.php(97): require()
#1 /opt/lampp/htdocs/cuisine/wp-settings.php(514): include('/opt/lampp/htdo...')
#2 /opt/lampp/htdocs/cuisine/wp-config.php(91): require_once('/opt/lampp/htdo...')
#3 /opt/lampp/htdocs/cuisine/wp-load.php(37): require_once('/opt/lampp/htdo...')
#4 /opt/lampp/htdocs/cuisine/wp-admin/admin-ajax.php(22): require_once('/opt/lampp/htdo...')
#5 {main}
  thrown in /opt/lampp/htdocs/cuisine/wp-content/themes/cuisine/inc/woocommerce.php on line 136

2020-11-25T05:56:56+00:00 CRITICAL Uncaught Error: Call to a member function get_address_fields() on null in /opt/lampp/htdocs/cuisine/wp-content/themes/cuisine/inc/woocommerce.php:136
Stack trace:
#0 /opt/lampp/htdocs/cuisine/wp-content/themes/cuisine/functions.php(97): require()
#1 /opt/lampp/htdocs/cuisine/wp-settings.php(514): include('/opt/lampp/htdo...')
#2 /opt/lampp/htdocs/cuisine/wp-config.php(91): require_once('/opt/lampp/htdo...')
#3 /opt/lampp/htdocs/cuisine/wp-load.php(37): require_once('/opt/lampp/htdo...')
#4 /opt/lampp/htdocs/cuisine/wp-admin/admin-ajax.php(22): require_once('/opt/lampp/htdo...')
#5 {main}
  thrown in /opt/lampp/htdocs/cuisine/wp-content/themes/cuisine/inc/woocommerce.php on line 136

2020-11-25T05:58:56+00:00 CRITICAL Uncaught Error: Call to a member function get_address_fields() on null in /opt/lampp/htdocs/cuisine/wp-content/themes/cuisine/inc/woocommerce.php:136
Stack trace:
#0 /opt/lampp/htdocs/cuisine/wp-content/themes/cuisine/functions.php(97): require()
#1 /opt/lampp/htdocs/cuisine/wp-settings.php(514): include('/opt/lampp/htdo...')
#2 /opt/lampp/htdocs/cuisine/wp-config.php(91): require_once('/opt/lampp/htdo...')
#3 /opt/lampp/htdocs/cuisine/wp-load.php(37): require_once('/opt/lampp/htdo...')
#4 /opt/lampp/htdocs/cuisine/wp-admin/admin-ajax.php(22): require_once('/opt/lampp/htdo...')
#5 {main}
  thrown in /opt/lampp/htdocs/cuisine/wp-content/themes/cuisine/inc/woocommerce.php on line 136

2020-11-25T06:00:56+00:00 CRITICAL Uncaught Error: Call to a member function get_address_fields() on null in /opt/lampp/htdocs/cuisine/wp-content/themes/cuisine/inc/woocommerce.php:136
Stack trace:
#0 /opt/lampp/htdocs/cuisine/wp-content/themes/cuisine/functions.php(97): require()
#1 /opt/lampp/htdocs/cuisine/wp-settings.php(514): include('/opt/lampp/htdo...')
#2 /opt/lampp/htdocs/cuisine/wp-config.php(91): require_once('/opt/lampp/htdo...')
#3 /opt/lampp/htdocs/cuisine/wp-load.php(37): require_once('/opt/lampp/htdo...')
#4 /opt/lampp/htdocs/cuisine/wp-admin/admin-ajax.php(22): require_once('/opt/lampp/htdo...')
#5 {main}
  thrown in /opt/lampp/htdocs/cuisine/wp-content/themes/cuisine/inc/woocommerce.php on line 136

2020-11-25T06:02:56+00:00 CRITICAL Uncaught Error: Call to a member function get_address_fields() on null in /opt/lampp/htdocs/cuisine/wp-content/themes/cuisine/inc/woocommerce.php:136
Stack trace:
#0 /opt/lampp/htdocs/cuisine/wp-content/themes/cuisine/functions.php(97): require()
#1 /opt/lampp/htdocs/cuisine/wp-settings.php(514): include('/opt/lampp/htdo...')
#2 /opt/lampp/htdocs/cuisine/wp-config.php(91): require_once('/opt/lampp/htdo...')
#3 /opt/lampp/htdocs/cuisine/wp-load.php(37): require_once('/opt/lampp/htdo...')
#4 /opt/lampp/htdocs/cuisine/wp-admin/admin-ajax.php(22): require_once('/opt/lampp/htdo...')
#5 {main}
  thrown in /opt/lampp/htdocs/cuisine/wp-content/themes/cuisine/inc/woocommerce.php on line 136

2020-11-25T06:04:56+00:00 CRITICAL Uncaught Error: Call to a member function get_address_fields() on null in /opt/lampp/htdocs/cuisine/wp-content/themes/cuisine/inc/woocommerce.php:136
Stack trace:
#0 /opt/lampp/htdocs/cuisine/wp-content/themes/cuisine/functions.php(97): require()
#1 /opt/lampp/htdocs/cuisine/wp-settings.php(514): include('/opt/lampp/htdo...')
#2 /opt/lampp/htdocs/cuisine/wp-config.php(91): require_once('/opt/lampp/htdo...')
#3 /opt/lampp/htdocs/cuisine/wp-load.php(37): require_once('/opt/lampp/htdo...')
#4 /opt/lampp/htdocs/cuisine/wp-admin/admin-ajax.php(22): require_once('/opt/lampp/htdo...')
#5 {main}
  thrown in /opt/lampp/htdocs/cuisine/wp-content/themes/cuisine/inc/woocommerce.php on line 136

2020-11-25T06:06:56+00:00 CRITICAL Uncaught Error: Call to a member function get_address_fields() on null in /opt/lampp/htdocs/cuisine/wp-content/themes/cuisine/inc/woocommerce.php:136
Stack trace:
#0 /opt/lampp/htdocs/cuisine/wp-content/themes/cuisine/functions.php(97): require()
#1 /opt/lampp/htdocs/cuisine/wp-settings.php(514): include('/opt/lampp/htdo...')
#2 /opt/lampp/htdocs/cuisine/wp-config.php(91): require_once('/opt/lampp/htdo...')
#3 /opt/lampp/htdocs/cuisine/wp-load.php(37): require_once('/opt/lampp/htdo...')
#4 /opt/lampp/htdocs/cuisine/wp-admin/admin-ajax.php(22): require_once('/opt/lampp/htdo...')
#5 {main}
  thrown in /opt/lampp/htdocs/cuisine/wp-content/themes/cuisine/inc/woocommerce.php on line 136

2020-11-25T06:08:56+00:00 CRITICAL Uncaught Error: Call to a member function get_address_fields() on null in /opt/lampp/htdocs/cuisine/wp-content/themes/cuisine/inc/woocommerce.php:136
Stack trace:
#0 /opt/lampp/htdocs/cuisine/wp-content/themes/cuisine/functions.php(97): require()
#1 /opt/lampp/htdocs/cuisine/wp-settings.php(514): include('/opt/lampp/htdo...')
#2 /opt/lampp/htdocs/cuisine/wp-config.php(91): require_once('/opt/lampp/htdo...')
#3 /opt/lampp/htdocs/cuisine/wp-load.php(37): require_once('/opt/lampp/htdo...')
#4 /opt/lampp/htdocs/cuisine/wp-admin/admin-ajax.php(22): require_once('/opt/lampp/htdo...')
#5 {main}
  thrown in /opt/lampp/htdocs/cuisine/wp-content/themes/cuisine/inc/woocommerce.php on line 136

2020-11-25T06:10:56+00:00 CRITICAL Uncaught Error: Call to a member function get_address_fields() on null in /opt/lampp/htdocs/cuisine/wp-content/themes/cuisine/inc/woocommerce.php:136
Stack trace:
#0 /opt/lampp/htdocs/cuisine/wp-content/themes/cuisine/functions.php(97): require()
#1 /opt/lampp/htdocs/cuisine/wp-settings.php(514): include('/opt/lampp/htdo...')
#2 /opt/lampp/htdocs/cuisine/wp-config.php(91): require_once('/opt/lampp/htdo...')
#3 /opt/lampp/htdocs/cuisine/wp-load.php(37): require_once('/opt/lampp/htdo...')
#4 /opt/lampp/htdocs/cuisine/wp-admin/admin-ajax.php(22): require_once('/opt/lampp/htdo...')
#5 {main}
  thrown in /opt/lampp/htdocs/cuisine/wp-content/themes/cuisine/inc/woocommerce.php on line 136

2020-11-25T06:12:56+00:00 CRITICAL Uncaught Error: Call to a member function get_address_fields() on null in /opt/lampp/htdocs/cuisine/wp-content/themes/cuisine/inc/woocommerce.php:136
Stack trace:
#0 /opt/lampp/htdocs/cuisine/wp-content/themes/cuisine/functions.php(97): require()
#1 /opt/lampp/htdocs/cuisine/wp-settings.php(514): include('/opt/lampp/htdo...')
#2 /opt/lampp/htdocs/cuisine/wp-config.php(91): require_once('/opt/lampp/htdo...')
#3 /opt/lampp/htdocs/cuisine/wp-load.php(37): require_once('/opt/lampp/htdo...')
#4 /opt/lampp/htdocs/cuisine/wp-admin/admin-ajax.php(22): require_once('/opt/lampp/htdo...')
#5 {main}
  thrown in /opt/lampp/htdocs/cuisine/wp-content/themes/cuisine/inc/woocommerce.php on line 136

2020-11-25T06:14:56+00:00 CRITICAL Uncaught Error: Call to a member function get_address_fields() on null in /opt/lampp/htdocs/cuisine/wp-content/themes/cuisine/inc/woocommerce.php:136
Stack trace:
#0 /opt/lampp/htdocs/cuisine/wp-content/themes/cuisine/functions.php(97): require()
#1 /opt/lampp/htdocs/cuisine/wp-settings.php(514): include('/opt/lampp/htdo...')
#2 /opt/lampp/htdocs/cuisine/wp-config.php(91): require_once('/opt/lampp/htdo...')
#3 /opt/lampp/htdocs/cuisine/wp-load.php(37): require_once('/opt/lampp/htdo...')
#4 /opt/lampp/htdocs/cuisine/wp-admin/admin-ajax.php(22): require_once('/opt/lampp/htdo...')
#5 {main}
  thrown in /opt/lampp/htdocs/cuisine/wp-content/themes/cuisine/inc/woocommerce.php on line 136

2020-11-25T06:16:56+00:00 CRITICAL Uncaught Error: Call to a member function get_address_fields() on null in /opt/lampp/htdocs/cuisine/wp-content/themes/cuisine/inc/woocommerce.php:136
Stack trace:
#0 /opt/lampp/htdocs/cuisine/wp-content/themes/cuisine/functions.php(97): require()
#1 /opt/lampp/htdocs/cuisine/wp-settings.php(514): include('/opt/lampp/htdo...')
#2 /opt/lampp/htdocs/cuisine/wp-config.php(91): require_once('/opt/lampp/htdo...')
#3 /opt/lampp/htdocs/cuisine/wp-load.php(37): require_once('/opt/lampp/htdo...')
#4 /opt/lampp/htdocs/cuisine/wp-admin/admin-ajax.php(22): require_once('/opt/lampp/htdo...')
#5 {main}
  thrown in /opt/lampp/htdocs/cuisine/wp-content/themes/cuisine/inc/woocommerce.php on line 136

2020-11-25T06:18:57+00:00 CRITICAL Uncaught Error: Call to a member function get_address_fields() on null in /opt/lampp/htdocs/cuisine/wp-content/themes/cuisine/inc/woocommerce.php:136
Stack trace:
#0 /opt/lampp/htdocs/cuisine/wp-content/themes/cuisine/functions.php(97): require()
#1 /opt/lampp/htdocs/cuisine/wp-settings.php(514): include('/opt/lampp/htdo...')
#2 /opt/lampp/htdocs/cuisine/wp-config.php(91): require_once('/opt/lampp/htdo...')
#3 /opt/lampp/htdocs/cuisine/wp-load.php(37): require_once('/opt/lampp/htdo...')
#4 /opt/lampp/htdocs/cuisine/wp-admin/admin-ajax.php(22): require_once('/opt/lampp/htdo...')
#5 {main}
  thrown in /opt/lampp/htdocs/cuisine/wp-content/themes/cuisine/inc/woocommerce.php on line 136

2020-11-25T06:20:57+00:00 CRITICAL Uncaught Error: Call to a member function get_address_fields() on null in /opt/lampp/htdocs/cuisine/wp-content/themes/cuisine/inc/woocommerce.php:136
Stack trace:
#0 /opt/lampp/htdocs/cuisine/wp-content/themes/cuisine/functions.php(97): require()
#1 /opt/lampp/htdocs/cuisine/wp-settings.php(514): include('/opt/lampp/htdo...')
#2 /opt/lampp/htdocs/cuisine/wp-config.php(91): require_once('/opt/lampp/htdo...')
#3 /opt/lampp/htdocs/cuisine/wp-load.php(37): require_once('/opt/lampp/htdo...')
#4 /opt/lampp/htdocs/cuisine/wp-admin/admin-ajax.php(22): require_once('/opt/lampp/htdo...')
#5 {main}
  thrown in /opt/lampp/htdocs/cuisine/wp-content/themes/cuisine/inc/woocommerce.php on line 136

2020-11-25T06:22:57+00:00 CRITICAL Uncaught Error: Call to a member function get_address_fields() on null in /opt/lampp/htdocs/cuisine/wp-content/themes/cuisine/inc/woocommerce.php:136
Stack trace:
#0 /opt/lampp/htdocs/cuisine/wp-content/themes/cuisine/functions.php(97): require()
#1 /opt/lampp/htdocs/cuisine/wp-settings.php(514): include('/opt/lampp/htdo...')
#2 /opt/lampp/htdocs/cuisine/wp-config.php(91): require_once('/opt/lampp/htdo...')
#3 /opt/lampp/htdocs/cuisine/wp-load.php(37): require_once('/opt/lampp/htdo...')
#4 /opt/lampp/htdocs/cuisine/wp-admin/admin-ajax.php(22): require_once('/opt/lampp/htdo...')
#5 {main}
  thrown in /opt/lampp/htdocs/cuisine/wp-content/themes/cuisine/inc/woocommerce.php on line 136

2020-11-25T06:24:57+00:00 CRITICAL Uncaught Error: Call to a member function get_address_fields() on null in /opt/lampp/htdocs/cuisine/wp-content/themes/cuisine/inc/woocommerce.php:136
Stack trace:
#0 /opt/lampp/htdocs/cuisine/wp-content/themes/cuisine/functions.php(97): require()
#1 /opt/lampp/htdocs/cuisine/wp-settings.php(514): include('/opt/lampp/htdo...')
#2 /opt/lampp/htdocs/cuisine/wp-config.php(91): require_once('/opt/lampp/htdo...')
#3 /opt/lampp/htdocs/cuisine/wp-load.php(37): require_once('/opt/lampp/htdo...')
#4 /opt/lampp/htdocs/cuisine/wp-admin/admin-ajax.php(22): require_once('/opt/lampp/htdo...')
#5 {main}
  thrown in /opt/lampp/htdocs/cuisine/wp-content/themes/cuisine/inc/woocommerce.php on line 136

2020-11-25T06:26:57+00:00 CRITICAL Uncaught Error: Call to a member function get_address_fields() on null in /opt/lampp/htdocs/cuisine/wp-content/themes/cuisine/inc/woocommerce.php:136
Stack trace:
#0 /opt/lampp/htdocs/cuisine/wp-content/themes/cuisine/functions.php(97): require()
#1 /opt/lampp/htdocs/cuisine/wp-settings.php(514): include('/opt/lampp/htdo...')
#2 /opt/lampp/htdocs/cuisine/wp-config.php(91): require_once('/opt/lampp/htdo...')
#3 /opt/lampp/htdocs/cuisine/wp-load.php(37): require_once('/opt/lampp/htdo...')
#4 /opt/lampp/htdocs/cuisine/wp-admin/admin-ajax.php(22): require_once('/opt/lampp/htdo...')
#5 {main}
  thrown in /opt/lampp/htdocs/cuisine/wp-content/themes/cuisine/inc/woocommerce.php on line 136

2020-11-25T06:28:57+00:00 CRITICAL Uncaught Error: Call to a member function get_address_fields() on null in /opt/lampp/htdocs/cuisine/wp-content/themes/cuisine/inc/woocommerce.php:136
Stack trace:
#0 /opt/lampp/htdocs/cuisine/wp-content/themes/cuisine/functions.php(97): require()
#1 /opt/lampp/htdocs/cuisine/wp-settings.php(514): include('/opt/lampp/htdo...')
#2 /opt/lampp/htdocs/cuisine/wp-config.php(91): require_once('/opt/lampp/htdo...')
#3 /opt/lampp/htdocs/cuisine/wp-load.php(37): require_once('/opt/lampp/htdo...')
#4 /opt/lampp/htdocs/cuisine/wp-admin/admin-ajax.php(22): require_once('/opt/lampp/htdo...')
#5 {main}
  thrown in /opt/lampp/htdocs/cuisine/wp-content/themes/cuisine/inc/woocommerce.php on line 136

2020-11-25T06:30:57+00:00 CRITICAL Uncaught Error: Call to a member function get_address_fields() on null in /opt/lampp/htdocs/cuisine/wp-content/themes/cuisine/inc/woocommerce.php:136
Stack trace:
#0 /opt/lampp/htdocs/cuisine/wp-content/themes/cuisine/functions.php(97): require()
#1 /opt/lampp/htdocs/cuisine/wp-settings.php(514): include('/opt/lampp/htdo...')
#2 /opt/lampp/htdocs/cuisine/wp-config.php(91): require_once('/opt/lampp/htdo...')
#3 /opt/lampp/htdocs/cuisine/wp-load.php(37): require_once('/opt/lampp/htdo...')
#4 /opt/lampp/htdocs/cuisine/wp-admin/admin-ajax.php(22): require_once('/opt/lampp/htdo...')
#5 {main}
  thrown in /opt/lampp/htdocs/cuisine/wp-content/themes/cuisine/inc/woocommerce.php on line 136

2020-11-25T06:32:57+00:00 CRITICAL Uncaught Error: Call to a member function get_address_fields() on null in /opt/lampp/htdocs/cuisine/wp-content/themes/cuisine/inc/woocommerce.php:136
Stack trace:
#0 /opt/lampp/htdocs/cuisine/wp-content/themes/cuisine/functions.php(97): require()
#1 /opt/lampp/htdocs/cuisine/wp-settings.php(514): include('/opt/lampp/htdo...')
#2 /opt/lampp/htdocs/cuisine/wp-config.php(91): require_once('/opt/lampp/htdo...')
#3 /opt/lampp/htdocs/cuisine/wp-load.php(37): require_once('/opt/lampp/htdo...')
#4 /opt/lampp/htdocs/cuisine/wp-admin/admin-ajax.php(22): require_once('/opt/lampp/htdo...')
#5 {main}
  thrown in /opt/lampp/htdocs/cuisine/wp-content/themes/cuisine/inc/woocommerce.php on line 136

2020-11-25T06:34:57+00:00 CRITICAL Uncaught Error: Call to a member function get_address_fields() on null in /opt/lampp/htdocs/cuisine/wp-content/themes/cuisine/inc/woocommerce.php:136
Stack trace:
#0 /opt/lampp/htdocs/cuisine/wp-content/themes/cuisine/functions.php(97): require()
#1 /opt/lampp/htdocs/cuisine/wp-settings.php(514): include('/opt/lampp/htdo...')
#2 /opt/lampp/htdocs/cuisine/wp-config.php(91): require_once('/opt/lampp/htdo...')
#3 /opt/lampp/htdocs/cuisine/wp-load.php(37): require_once('/opt/lampp/htdo...')
#4 /opt/lampp/htdocs/cuisine/wp-admin/admin-ajax.php(22): require_once('/opt/lampp/htdo...')
#5 {main}
  thrown in /opt/lampp/htdocs/cuisine/wp-content/themes/cuisine/inc/woocommerce.php on line 136

2020-11-25T06:36:57+00:00 CRITICAL Uncaught Error: Call to a member function get_address_fields() on null in /opt/lampp/htdocs/cuisine/wp-content/themes/cuisine/inc/woocommerce.php:136
Stack trace:
#0 /opt/lampp/htdocs/cuisine/wp-content/themes/cuisine/functions.php(97): require()
#1 /opt/lampp/htdocs/cuisine/wp-settings.php(514): include('/opt/lampp/htdo...')
#2 /opt/lampp/htdocs/cuisine/wp-config.php(91): require_once('/opt/lampp/htdo...')
#3 /opt/lampp/htdocs/cuisine/wp-load.php(37): require_once('/opt/lampp/htdo...')
#4 /opt/lampp/htdocs/cuisine/wp-admin/admin-ajax.php(22): require_once('/opt/lampp/htdo...')
#5 {main}
  thrown in /opt/lampp/htdocs/cuisine/wp-content/themes/cuisine/inc/woocommerce.php on line 136

2020-11-25T06:38:57+00:00 CRITICAL Uncaught Error: Call to a member function get_address_fields() on null in /opt/lampp/htdocs/cuisine/wp-content/themes/cuisine/inc/woocommerce.php:136
Stack trace:
#0 /opt/lampp/htdocs/cuisine/wp-content/themes/cuisine/functions.php(97): require()
#1 /opt/lampp/htdocs/cuisine/wp-settings.php(514): include('/opt/lampp/htdo...')
#2 /opt/lampp/htdocs/cuisine/wp-config.php(91): require_once('/opt/lampp/htdo...')
#3 /opt/lampp/htdocs/cuisine/wp-load.php(37): require_once('/opt/lampp/htdo...')
#4 /opt/lampp/htdocs/cuisine/wp-admin/admin-ajax.php(22): require_once('/opt/lampp/htdo...')
#5 {main}
  thrown in /opt/lampp/htdocs/cuisine/wp-content/themes/cuisine/inc/woocommerce.php on line 136

2020-11-25T06:40:57+00:00 CRITICAL Uncaught Error: Call to a member function get_address_fields() on null in /opt/lampp/htdocs/cuisine/wp-content/themes/cuisine/inc/woocommerce.php:136
Stack trace:
#0 /opt/lampp/htdocs/cuisine/wp-content/themes/cuisine/functions.php(97): require()
#1 /opt/lampp/htdocs/cuisine/wp-settings.php(514): include('/opt/lampp/htdo...')
#2 /opt/lampp/htdocs/cuisine/wp-config.php(91): require_once('/opt/lampp/htdo...')
#3 /opt/lampp/htdocs/cuisine/wp-load.php(37): require_once('/opt/lampp/htdo...')
#4 /opt/lampp/htdocs/cuisine/wp-admin/admin-ajax.php(22): require_once('/opt/lampp/htdo...')
#5 {main}
  thrown in /opt/lampp/htdocs/cuisine/wp-content/themes/cuisine/inc/woocommerce.php on line 136

2020-11-25T06:42:57+00:00 CRITICAL Uncaught Error: Call to a member function get_address_fields() on null in /opt/lampp/htdocs/cuisine/wp-content/themes/cuisine/inc/woocommerce.php:136
Stack trace:
#0 /opt/lampp/htdocs/cuisine/wp-content/themes/cuisine/functions.php(97): require()
#1 /opt/lampp/htdocs/cuisine/wp-settings.php(514): include('/opt/lampp/htdo...')
#2 /opt/lampp/htdocs/cuisine/wp-config.php(91): require_once('/opt/lampp/htdo...')
#3 /opt/lampp/htdocs/cuisine/wp-load.php(37): require_once('/opt/lampp/htdo...')
#4 /opt/lampp/htdocs/cuisine/wp-admin/admin-ajax.php(22): require_once('/opt/lampp/htdo...')
#5 {main}
  thrown in /opt/lampp/htdocs/cuisine/wp-content/themes/cuisine/inc/woocommerce.php on line 136

2020-11-25T06:44:58+00:00 CRITICAL Uncaught Error: Call to a member function get_address_fields() on null in /opt/lampp/htdocs/cuisine/wp-content/themes/cuisine/inc/woocommerce.php:136
Stack trace:
#0 /opt/lampp/htdocs/cuisine/wp-content/themes/cuisine/functions.php(97): require()
#1 /opt/lampp/htdocs/cuisine/wp-settings.php(514): include('/opt/lampp/htdo...')
#2 /opt/lampp/htdocs/cuisine/wp-config.php(91): require_once('/opt/lampp/htdo...')
#3 /opt/lampp/htdocs/cuisine/wp-load.php(37): require_once('/opt/lampp/htdo...')
#4 /opt/lampp/htdocs/cuisine/wp-admin/admin-ajax.php(22): require_once('/opt/lampp/htdo...')
#5 {main}
  thrown in /opt/lampp/htdocs/cuisine/wp-content/themes/cuisine/inc/woocommerce.php on line 136

2020-11-25T06:47:01+00:00 CRITICAL Uncaught Error: Call to a member function get_address_fields() on null in /opt/lampp/htdocs/cuisine/wp-content/themes/cuisine/inc/woocommerce.php:136
Stack trace:
#0 /opt/lampp/htdocs/cuisine/wp-content/themes/cuisine/functions.php(97): require()
#1 /opt/lampp/htdocs/cuisine/wp-settings.php(514): include('/opt/lampp/htdo...')
#2 /opt/lampp/htdocs/cuisine/wp-config.php(91): require_once('/opt/lampp/htdo...')
#3 /opt/lampp/htdocs/cuisine/wp-load.php(37): require_once('/opt/lampp/htdo...')
#4 /opt/lampp/htdocs/cuisine/wp-admin/admin-ajax.php(22): require_once('/opt/lampp/htdo...')
#5 {main}
  thrown in /opt/lampp/htdocs/cuisine/wp-content/themes/cuisine/inc/woocommerce.php on line 136

2020-11-25T06:48:58+00:00 CRITICAL Uncaught Error: Call to a member function get_address_fields() on null in /opt/lampp/htdocs/cuisine/wp-content/themes/cuisine/inc/woocommerce.php:136
Stack trace:
#0 /opt/lampp/htdocs/cuisine/wp-content/themes/cuisine/functions.php(97): require()
#1 /opt/lampp/htdocs/cuisine/wp-settings.php(514): include('/opt/lampp/htdo...')
#2 /opt/lampp/htdocs/cuisine/wp-config.php(91): require_once('/opt/lampp/htdo...')
#3 /opt/lampp/htdocs/cuisine/wp-load.php(37): require_once('/opt/lampp/htdo...')
#4 /opt/lampp/htdocs/cuisine/wp-admin/admin-ajax.php(22): require_once('/opt/lampp/htdo...')
#5 {main}
  thrown in /opt/lampp/htdocs/cuisine/wp-content/themes/cuisine/inc/woocommerce.php on line 136

2020-11-25T06:50:58+00:00 CRITICAL Uncaught Error: Call to a member function get_address_fields() on null in /opt/lampp/htdocs/cuisine/wp-content/themes/cuisine/inc/woocommerce.php:136
Stack trace:
#0 /opt/lampp/htdocs/cuisine/wp-content/themes/cuisine/functions.php(97): require()
#1 /opt/lampp/htdocs/cuisine/wp-settings.php(514): include('/opt/lampp/htdo...')
#2 /opt/lampp/htdocs/cuisine/wp-config.php(91): require_once('/opt/lampp/htdo...')
#3 /opt/lampp/htdocs/cuisine/wp-load.php(37): require_once('/opt/lampp/htdo...')
#4 /opt/lampp/htdocs/cuisine/wp-admin/admin-ajax.php(22): require_once('/opt/lampp/htdo...')
#5 {main}
  thrown in /opt/lampp/htdocs/cuisine/wp-content/themes/cuisine/inc/woocommerce.php on line 136

2020-11-25T06:52:58+00:00 CRITICAL Uncaught Error: Call to a member function get_address_fields() on null in /opt/lampp/htdocs/cuisine/wp-content/themes/cuisine/inc/woocommerce.php:136
Stack trace:
#0 /opt/lampp/htdocs/cuisine/wp-content/themes/cuisine/functions.php(97): require()
#1 /opt/lampp/htdocs/cuisine/wp-settings.php(514): include('/opt/lampp/htdo...')
#2 /opt/lampp/htdocs/cuisine/wp-config.php(91): require_once('/opt/lampp/htdo...')
#3 /opt/lampp/htdocs/cuisine/wp-load.php(37): require_once('/opt/lampp/htdo...')
#4 /opt/lampp/htdocs/cuisine/wp-admin/admin-ajax.php(22): require_once('/opt/lampp/htdo...')
#5 {main}
  thrown in /opt/lampp/htdocs/cuisine/wp-content/themes/cuisine/inc/woocommerce.php on line 136

2020-11-25T06:54:58+00:00 CRITICAL Uncaught Error: Call to a member function get_address_fields() on null in /opt/lampp/htdocs/cuisine/wp-content/themes/cuisine/inc/woocommerce.php:136
Stack trace:
#0 /opt/lampp/htdocs/cuisine/wp-content/themes/cuisine/functions.php(97): require()
#1 /opt/lampp/htdocs/cuisine/wp-settings.php(514): include('/opt/lampp/htdo...')
#2 /opt/lampp/htdocs/cuisine/wp-config.php(91): require_once('/opt/lampp/htdo...')
#3 /opt/lampp/htdocs/cuisine/wp-load.php(37): require_once('/opt/lampp/htdo...')
#4 /opt/lampp/htdocs/cuisine/wp-admin/admin-ajax.php(22): require_once('/opt/lampp/htdo...')
#5 {main}
  thrown in /opt/lampp/htdocs/cuisine/wp-content/themes/cuisine/inc/woocommerce.php on line 136

2020-11-25T06:56:58+00:00 CRITICAL Uncaught Error: Call to a member function get_address_fields() on null in /opt/lampp/htdocs/cuisine/wp-content/themes/cuisine/inc/woocommerce.php:136
Stack trace:
#0 /opt/lampp/htdocs/cuisine/wp-content/themes/cuisine/functions.php(97): require()
#1 /opt/lampp/htdocs/cuisine/wp-settings.php(514): include('/opt/lampp/htdo...')
#2 /opt/lampp/htdocs/cuisine/wp-config.php(91): require_once('/opt/lampp/htdo...')
#3 /opt/lampp/htdocs/cuisine/wp-load.php(37): require_once('/opt/lampp/htdo...')
#4 /opt/lampp/htdocs/cuisine/wp-admin/admin-ajax.php(22): require_once('/opt/lampp/htdo...')
#5 {main}
  thrown in /opt/lampp/htdocs/cuisine/wp-content/themes/cuisine/inc/woocommerce.php on line 136

2020-11-25T06:58:58+00:00 CRITICAL Uncaught Error: Call to a member function get_address_fields() on null in /opt/lampp/htdocs/cuisine/wp-content/themes/cuisine/inc/woocommerce.php:136
Stack trace:
#0 /opt/lampp/htdocs/cuisine/wp-content/themes/cuisine/functions.php(97): require()
#1 /opt/lampp/htdocs/cuisine/wp-settings.php(514): include('/opt/lampp/htdo...')
#2 /opt/lampp/htdocs/cuisine/wp-config.php(91): require_once('/opt/lampp/htdo...')
#3 /opt/lampp/htdocs/cuisine/wp-load.php(37): require_once('/opt/lampp/htdo...')
#4 /opt/lampp/htdocs/cuisine/wp-admin/admin-ajax.php(22): require_once('/opt/lampp/htdo...')
#5 {main}
  thrown in /opt/lampp/htdocs/cuisine/wp-content/themes/cuisine/inc/woocommerce.php on line 136

2020-11-25T07:00:58+00:00 CRITICAL Uncaught Error: Call to a member function get_address_fields() on null in /opt/lampp/htdocs/cuisine/wp-content/themes/cuisine/inc/woocommerce.php:136
Stack trace:
#0 /opt/lampp/htdocs/cuisine/wp-content/themes/cuisine/functions.php(97): require()
#1 /opt/lampp/htdocs/cuisine/wp-settings.php(514): include('/opt/lampp/htdo...')
#2 /opt/lampp/htdocs/cuisine/wp-config.php(91): require_once('/opt/lampp/htdo...')
#3 /opt/lampp/htdocs/cuisine/wp-load.php(37): require_once('/opt/lampp/htdo...')
#4 /opt/lampp/htdocs/cuisine/wp-admin/admin-ajax.php(22): require_once('/opt/lampp/htdo...')
#5 {main}
  thrown in /opt/lampp/htdocs/cuisine/wp-content/themes/cuisine/inc/woocommerce.php on line 136

2020-11-25T07:02:58+00:00 CRITICAL Uncaught Error: Call to a member function get_address_fields() on null in /opt/lampp/htdocs/cuisine/wp-content/themes/cuisine/inc/woocommerce.php:136
Stack trace:
#0 /opt/lampp/htdocs/cuisine/wp-content/themes/cuisine/functions.php(97): require()
#1 /opt/lampp/htdocs/cuisine/wp-settings.php(514): include('/opt/lampp/htdo...')
#2 /opt/lampp/htdocs/cuisine/wp-config.php(91): require_once('/opt/lampp/htdo...')
#3 /opt/lampp/htdocs/cuisine/wp-load.php(37): require_once('/opt/lampp/htdo...')
#4 /opt/lampp/htdocs/cuisine/wp-admin/admin-ajax.php(22): require_once('/opt/lampp/htdo...')
#5 {main}
  thrown in /opt/lampp/htdocs/cuisine/wp-content/themes/cuisine/inc/woocommerce.php on line 136

2020-11-25T07:04:58+00:00 CRITICAL Uncaught Error: Call to a member function get_address_fields() on null in /opt/lampp/htdocs/cuisine/wp-content/themes/cuisine/inc/woocommerce.php:136
Stack trace:
#0 /opt/lampp/htdocs/cuisine/wp-content/themes/cuisine/functions.php(97): require()
#1 /opt/lampp/htdocs/cuisine/wp-settings.php(514): include('/opt/lampp/htdo...')
#2 /opt/lampp/htdocs/cuisine/wp-config.php(91): require_once('/opt/lampp/htdo...')
#3 /opt/lampp/htdocs/cuisine/wp-load.php(37): require_once('/opt/lampp/htdo...')
#4 /opt/lampp/htdocs/cuisine/wp-admin/admin-ajax.php(22): require_once('/opt/lampp/htdo...')
#5 {main}
  thrown in /opt/lampp/htdocs/cuisine/wp-content/themes/cuisine/inc/woocommerce.php on line 136

2020-11-25T07:06:58+00:00 CRITICAL Uncaught Error: Call to a member function get_address_fields() on null in /opt/lampp/htdocs/cuisine/wp-content/themes/cuisine/inc/woocommerce.php:136
Stack trace:
#0 /opt/lampp/htdocs/cuisine/wp-content/themes/cuisine/functions.php(97): require()
#1 /opt/lampp/htdocs/cuisine/wp-settings.php(514): include('/opt/lampp/htdo...')
#2 /opt/lampp/htdocs/cuisine/wp-config.php(91): require_once('/opt/lampp/htdo...')
#3 /opt/lampp/htdocs/cuisine/wp-load.php(37): require_once('/opt/lampp/htdo...')
#4 /opt/lampp/htdocs/cuisine/wp-admin/admin-ajax.php(22): require_once('/opt/lampp/htdo...')
#5 {main}
  thrown in /opt/lampp/htdocs/cuisine/wp-content/themes/cuisine/inc/woocommerce.php on line 136

2020-11-25T07:08:58+00:00 CRITICAL Uncaught Error: Call to a member function get_address_fields() on null in /opt/lampp/htdocs/cuisine/wp-content/themes/cuisine/inc/woocommerce.php:136
Stack trace:
#0 /opt/lampp/htdocs/cuisine/wp-content/themes/cuisine/functions.php(97): require()
#1 /opt/lampp/htdocs/cuisine/wp-settings.php(514): include('/opt/lampp/htdo...')
#2 /opt/lampp/htdocs/cuisine/wp-config.php(91): require_once('/opt/lampp/htdo...')
#3 /opt/lampp/htdocs/cuisine/wp-load.php(37): require_once('/opt/lampp/htdo...')
#4 /opt/lampp/htdocs/cuisine/wp-admin/admin-ajax.php(22): require_once('/opt/lampp/htdo...')
#5 {main}
  thrown in /opt/lampp/htdocs/cuisine/wp-content/themes/cuisine/inc/woocommerce.php on line 136

2020-11-25T07:10:58+00:00 CRITICAL Uncaught Error: Call to a member function get_address_fields() on null in /opt/lampp/htdocs/cuisine/wp-content/themes/cuisine/inc/woocommerce.php:136
Stack trace:
#0 /opt/lampp/htdocs/cuisine/wp-content/themes/cuisine/functions.php(97): require()
#1 /opt/lampp/htdocs/cuisine/wp-settings.php(514): include('/opt/lampp/htdo...')
#2 /opt/lampp/htdocs/cuisine/wp-config.php(91): require_once('/opt/lampp/htdo...')
#3 /opt/lampp/htdocs/cuisine/wp-load.php(37): require_once('/opt/lampp/htdo...')
#4 /opt/lampp/htdocs/cuisine/wp-admin/admin-ajax.php(22): require_once('/opt/lampp/htdo...')
#5 {main}
  thrown in /opt/lampp/htdocs/cuisine/wp-content/themes/cuisine/inc/woocommerce.php on line 136

2020-11-25T07:12:58+00:00 CRITICAL Uncaught Error: Call to a member function get_address_fields() on null in /opt/lampp/htdocs/cuisine/wp-content/themes/cuisine/inc/woocommerce.php:136
Stack trace:
#0 /opt/lampp/htdocs/cuisine/wp-content/themes/cuisine/functions.php(97): require()
#1 /opt/lampp/htdocs/cuisine/wp-settings.php(514): include('/opt/lampp/htdo...')
#2 /opt/lampp/htdocs/cuisine/wp-config.php(91): require_once('/opt/lampp/htdo...')
#3 /opt/lampp/htdocs/cuisine/wp-load.php(37): require_once('/opt/lampp/htdo...')
#4 /opt/lampp/htdocs/cuisine/wp-admin/admin-ajax.php(22): require_once('/opt/lampp/htdo...')
#5 {main}
  thrown in /opt/lampp/htdocs/cuisine/wp-content/themes/cuisine/inc/woocommerce.php on line 136

2020-11-25T07:14:58+00:00 CRITICAL Uncaught Error: Call to a member function get_address_fields() on null in /opt/lampp/htdocs/cuisine/wp-content/themes/cuisine/inc/woocommerce.php:136
Stack trace:
#0 /opt/lampp/htdocs/cuisine/wp-content/themes/cuisine/functions.php(97): require()
#1 /opt/lampp/htdocs/cuisine/wp-settings.php(514): include('/opt/lampp/htdo...')
#2 /opt/lampp/htdocs/cuisine/wp-config.php(91): require_once('/opt/lampp/htdo...')
#3 /opt/lampp/htdocs/cuisine/wp-load.php(37): require_once('/opt/lampp/htdo...')
#4 /opt/lampp/htdocs/cuisine/wp-admin/admin-ajax.php(22): require_once('/opt/lampp/htdo...')
#5 {main}
  thrown in /opt/lampp/htdocs/cuisine/wp-content/themes/cuisine/inc/woocommerce.php on line 136

2020-11-25T07:16:59+00:00 CRITICAL Uncaught Error: Call to a member function get_address_fields() on null in /opt/lampp/htdocs/cuisine/wp-content/themes/cuisine/inc/woocommerce.php:136
Stack trace:
#0 /opt/lampp/htdocs/cuisine/wp-content/themes/cuisine/functions.php(97): require()
#1 /opt/lampp/htdocs/cuisine/wp-settings.php(514): include('/opt/lampp/htdo...')
#2 /opt/lampp/htdocs/cuisine/wp-config.php(91): require_once('/opt/lampp/htdo...')
#3 /opt/lampp/htdocs/cuisine/wp-load.php(37): require_once('/opt/lampp/htdo...')
#4 /opt/lampp/htdocs/cuisine/wp-admin/admin-ajax.php(22): require_once('/opt/lampp/htdo...')
#5 {main}
  thrown in /opt/lampp/htdocs/cuisine/wp-content/themes/cuisine/inc/woocommerce.php on line 136

2020-11-25T07:18:59+00:00 CRITICAL Uncaught Error: Call to a member function get_address_fields() on null in /opt/lampp/htdocs/cuisine/wp-content/themes/cuisine/inc/woocommerce.php:136
Stack trace:
#0 /opt/lampp/htdocs/cuisine/wp-content/themes/cuisine/functions.php(97): require()
#1 /opt/lampp/htdocs/cuisine/wp-settings.php(514): include('/opt/lampp/htdo...')
#2 /opt/lampp/htdocs/cuisine/wp-config.php(91): require_once('/opt/lampp/htdo...')
#3 /opt/lampp/htdocs/cuisine/wp-load.php(37): require_once('/opt/lampp/htdo...')
#4 /opt/lampp/htdocs/cuisine/wp-admin/admin-ajax.php(22): require_once('/opt/lampp/htdo...')
#5 {main}
  thrown in /opt/lampp/htdocs/cuisine/wp-content/themes/cuisine/inc/woocommerce.php on line 136

2020-11-25T07:21:00+00:00 CRITICAL Uncaught Error: Call to a member function get_address_fields() on null in /opt/lampp/htdocs/cuisine/wp-content/themes/cuisine/inc/woocommerce.php:136
Stack trace:
#0 /opt/lampp/htdocs/cuisine/wp-content/themes/cuisine/functions.php(97): require()
#1 /opt/lampp/htdocs/cuisine/wp-settings.php(514): include('/opt/lampp/htdo...')
#2 /opt/lampp/htdocs/cuisine/wp-config.php(91): require_once('/opt/lampp/htdo...')
#3 /opt/lampp/htdocs/cuisine/wp-load.php(37): require_once('/opt/lampp/htdo...')
#4 /opt/lampp/htdocs/cuisine/wp-admin/admin-ajax.php(22): require_once('/opt/lampp/htdo...')
#5 {main}
  thrown in /opt/lampp/htdocs/cuisine/wp-content/themes/cuisine/inc/woocommerce.php on line 136

2020-11-25T07:23:00+00:00 CRITICAL Uncaught Error: Call to a member function get_address_fields() on null in /opt/lampp/htdocs/cuisine/wp-content/themes/cuisine/inc/woocommerce.php:136
Stack trace:
#0 /opt/lampp/htdocs/cuisine/wp-content/themes/cuisine/functions.php(97): require()
#1 /opt/lampp/htdocs/cuisine/wp-settings.php(514): include('/opt/lampp/htdo...')
#2 /opt/lampp/htdocs/cuisine/wp-config.php(91): require_once('/opt/lampp/htdo...')
#3 /opt/lampp/htdocs/cuisine/wp-load.php(37): require_once('/opt/lampp/htdo...')
#4 /opt/lampp/htdocs/cuisine/wp-admin/admin-ajax.php(22): require_once('/opt/lampp/htdo...')
#5 {main}
  thrown in /opt/lampp/htdocs/cuisine/wp-content/themes/cuisine/inc/woocommerce.php on line 136

2020-11-25T07:25:06+00:00 CRITICAL Uncaught Error: Call to a member function get_address_fields() on null in /opt/lampp/htdocs/cuisine/wp-content/themes/cuisine/inc/woocommerce.php:137
Stack trace:
#0 /opt/lampp/htdocs/cuisine/wp-content/themes/cuisine/functions.php(97): require()
#1 /opt/lampp/htdocs/cuisine/wp-settings.php(514): include('/opt/lampp/htdo...')
#2 /opt/lampp/htdocs/cuisine/wp-config.php(91): require_once('/opt/lampp/htdo...')
#3 /opt/lampp/htdocs/cuisine/wp-load.php(37): require_once('/opt/lampp/htdo...')
#4 /opt/lampp/htdocs/cuisine/wp-blog-header.php(13): require_once('/opt/lampp/htdo...')
#5 /opt/lampp/htdocs/cuisine/index.php(17): require('/opt/lampp/htdo...')
#6 {main}
  thrown in /opt/lampp/htdocs/cuisine/wp-content/themes/cuisine/inc/woocommerce.php on line 137

2020-11-25T07:25:32+00:00 CRITICAL Uncaught Error: Call to a member function get_address_fields() on null in /opt/lampp/htdocs/cuisine/wp-content/themes/cuisine/inc/woocommerce.php:138
Stack trace:
#0 /opt/lampp/htdocs/cuisine/wp-content/themes/cuisine/functions.php(97): require()
#1 /opt/lampp/htdocs/cuisine/wp-settings.php(514): include('/opt/lampp/htdo...')
#2 /opt/lampp/htdocs/cuisine/wp-config.php(91): require_once('/opt/lampp/htdo...')
#3 /opt/lampp/htdocs/cuisine/wp-load.php(37): require_once('/opt/lampp/htdo...')
#4 /opt/lampp/htdocs/cuisine/wp-blog-header.php(13): require_once('/opt/lampp/htdo...')
#5 /opt/lampp/htdocs/cuisine/index.php(17): require('/opt/lampp/htdo...')
#6 {main}
  thrown in /opt/lampp/htdocs/cuisine/wp-content/themes/cuisine/inc/woocommerce.php on line 138

2020-11-25T07:25:46+00:00 CRITICAL Uncaught Error: Using $this when not in object context in /opt/lampp/htdocs/cuisine/wp-content/themes/cuisine/inc/woocommerce.php:139
Stack trace:
#0 /opt/lampp/htdocs/cuisine/wp-content/themes/cuisine/functions.php(97): require()
#1 /opt/lampp/htdocs/cuisine/wp-settings.php(514): include('/opt/lampp/htdo...')
#2 /opt/lampp/htdocs/cuisine/wp-config.php(91): require_once('/opt/lampp/htdo...')
#3 /opt/lampp/htdocs/cuisine/wp-load.php(37): require_once('/opt/lampp/htdo...')
#4 /opt/lampp/htdocs/cuisine/wp-blog-header.php(13): require_once('/opt/lampp/htdo...')
#5 /opt/lampp/htdocs/cuisine/index.php(17): require('/opt/lampp/htdo...')
#6 {main}
  thrown in /opt/lampp/htdocs/cuisine/wp-content/themes/cuisine/inc/woocommerce.php on line 139

2020-11-25T07:26:24+00:00 CRITICAL Uncaught Error: Call to a member function get_address_fields() on null in /opt/lampp/htdocs/cuisine/wp-content/themes/cuisine/inc/woocommerce.php:137
Stack trace:
#0 /opt/lampp/htdocs/cuisine/wp-content/themes/cuisine/functions.php(97): require()
#1 /opt/lampp/htdocs/cuisine/wp-settings.php(514): include('/opt/lampp/htdo...')
#2 /opt/lampp/htdocs/cuisine/wp-config.php(91): require_once('/opt/lampp/htdo...')
#3 /opt/lampp/htdocs/cuisine/wp-load.php(37): require_once('/opt/lampp/htdo...')
#4 /opt/lampp/htdocs/cuisine/wp-blog-header.php(13): require_once('/opt/lampp/htdo...')
#5 /opt/lampp/htdocs/cuisine/index.php(17): require('/opt/lampp/htdo...')
#6 {main}
  thrown in /opt/lampp/htdocs/cuisine/wp-content/themes/cuisine/inc/woocommerce.php on line 137

2020-11-25T07:27:00+00:00 CRITICAL Uncaught Error: Call to a member function get_address_fields() on null in /opt/lampp/htdocs/cuisine/wp-content/themes/cuisine/inc/woocommerce.php:137
Stack trace:
#0 /opt/lampp/htdocs/cuisine/wp-content/themes/cuisine/functions.php(97): require()
#1 /opt/lampp/htdocs/cuisine/wp-settings.php(514): include('/opt/lampp/htdo...')
#2 /opt/lampp/htdocs/cuisine/wp-config.php(91): require_once('/opt/lampp/htdo...')
#3 /opt/lampp/htdocs/cuisine/wp-load.php(37): require_once('/opt/lampp/htdo...')
#4 /opt/lampp/htdocs/cuisine/wp-admin/admin-ajax.php(22): require_once('/opt/lampp/htdo...')
#5 {main}
  thrown in /opt/lampp/htdocs/cuisine/wp-content/themes/cuisine/inc/woocommerce.php on line 137

2020-11-25T07:29:00+00:00 CRITICAL Uncaught Error: Call to a member function get_address_fields() on null in /opt/lampp/htdocs/cuisine/wp-content/themes/cuisine/inc/woocommerce.php:137
Stack trace:
#0 /opt/lampp/htdocs/cuisine/wp-content/themes/cuisine/functions.php(97): require()
#1 /opt/lampp/htdocs/cuisine/wp-settings.php(514): include('/opt/lampp/htdo...')
#2 /opt/lampp/htdocs/cuisine/wp-config.php(91): require_once('/opt/lampp/htdo...')
#3 /opt/lampp/htdocs/cuisine/wp-load.php(37): require_once('/opt/lampp/htdo...')
#4 /opt/lampp/htdocs/cuisine/wp-admin/admin-ajax.php(22): require_once('/opt/lampp/htdo...')
#5 {main}
  thrown in /opt/lampp/htdocs/cuisine/wp-content/themes/cuisine/inc/woocommerce.php on line 137

2020-11-25T07:31:00+00:00 CRITICAL Uncaught Error: Call to a member function get_address_fields() on null in /opt/lampp/htdocs/cuisine/wp-content/themes/cuisine/inc/woocommerce.php:137
Stack trace:
#0 /opt/lampp/htdocs/cuisine/wp-content/themes/cuisine/functions.php(97): require()
#1 /opt/lampp/htdocs/cuisine/wp-settings.php(514): include('/opt/lampp/htdo...')
#2 /opt/lampp/htdocs/cuisine/wp-config.php(91): require_once('/opt/lampp/htdo...')
#3 /opt/lampp/htdocs/cuisine/wp-load.php(37): require_once('/opt/lampp/htdo...')
#4 /opt/lampp/htdocs/cuisine/wp-admin/admin-ajax.php(22): require_once('/opt/lampp/htdo...')
#5 {main}
  thrown in /opt/lampp/htdocs/cuisine/wp-content/themes/cuisine/inc/woocommerce.php on line 137

2020-11-25T07:33:00+00:00 CRITICAL Uncaught Error: Call to a member function get_address_fields() on null in /opt/lampp/htdocs/cuisine/wp-content/themes/cuisine/inc/woocommerce.php:137
Stack trace:
#0 /opt/lampp/htdocs/cuisine/wp-content/themes/cuisine/functions.php(97): require()
#1 /opt/lampp/htdocs/cuisine/wp-settings.php(514): include('/opt/lampp/htdo...')
#2 /opt/lampp/htdocs/cuisine/wp-config.php(91): require_once('/opt/lampp/htdo...')
#3 /opt/lampp/htdocs/cuisine/wp-load.php(37): require_once('/opt/lampp/htdo...')
#4 /opt/lampp/htdocs/cuisine/wp-admin/admin-ajax.php(22): require_once('/opt/lampp/htdo...')
#5 {main}
  thrown in /opt/lampp/htdocs/cuisine/wp-content/themes/cuisine/inc/woocommerce.php on line 137

2020-11-25T07:35:01+00:00 CRITICAL Uncaught Error: Call to a member function get_address_fields() on null in /opt/lampp/htdocs/cuisine/wp-content/themes/cuisine/inc/woocommerce.php:137
Stack trace:
#0 /opt/lampp/htdocs/cuisine/wp-content/themes/cuisine/functions.php(97): require()
#1 /opt/lampp/htdocs/cuisine/wp-settings.php(514): include('/opt/lampp/htdo...')
#2 /opt/lampp/htdocs/cuisine/wp-config.php(91): require_once('/opt/lampp/htdo...')
#3 /opt/lampp/htdocs/cuisine/wp-load.php(37): require_once('/opt/lampp/htdo...')
#4 /opt/lampp/htdocs/cuisine/wp-admin/admin-ajax.php(22): require_once('/opt/lampp/htdo...')
#5 {main}
  thrown in /opt/lampp/htdocs/cuisine/wp-content/themes/cuisine/inc/woocommerce.php on line 137

2020-11-25T07:45:05+00:00 CRITICAL Uncaught ArgumentCountError: Too few arguments to function remove_action(), 1 passed in /opt/lampp/htdocs/cuisine/wp-content/themes/cuisine/inc/woocommerce.php on line 136 and at least 2 expected in /opt/lampp/htdocs/cuisine/wp-includes/plugin.php:583
Stack trace:
#0 /opt/lampp/htdocs/cuisine/wp-content/themes/cuisine/inc/woocommerce.php(136): remove_action('woocommerce_che...')
#1 /opt/lampp/htdocs/cuisine/wp-content/themes/cuisine/functions.php(97): require('/opt/lampp/htdo...')
#2 /opt/lampp/htdocs/cuisine/wp-settings.php(514): include('/opt/lampp/htdo...')
#3 /opt/lampp/htdocs/cuisine/wp-config.php(91): require_once('/opt/lampp/htdo...')
#4 /opt/lampp/htdocs/cuisine/wp-load.php(37): require_once('/opt/lampp/htdo...')
#5 /opt/lampp/htdocs/cuisine/wp-blog-header.php(13): require_once('/opt/lampp/htdo...')
#6 /opt/lampp/htdocs/cuisine/index.php(17): require('/opt/lampp/htdo...')
#7 {main}
  thrown in /opt/lampp/htdocs/cuisine/wp-includes/plugin.php on line 583

