2019-12-02T01:31:53+00:00 CRITICAL syntax error, unexpected '(', expecting ';' in C:\xampp\htdocs\cuisine\wp-content\themes\cuisine\template\template-blog-2-column.php on line 61

2019-12-02T02:24:36+00:00 CRITICAL syntax error, unexpected end of file in C:\xampp\htdocs\cuisine\wp-content\themes\cuisine\inc\dev.php on line 184

2019-12-02T02:51:51+00:00 CRITICAL syntax error, unexpected ')', expecting '[' in C:\xampp\htdocs\cuisine\wp-content\themes\cuisine\template\template-gallery-design-1.php on line 33

2019-12-02T02:52:48+00:00 CRITICAL syntax error, unexpected '$termname' (T_VARIABLE), expecting ',' or ';' in C:\xampp\htdocs\cuisine\wp-content\themes\cuisine\template\template-gallery-design-1.php on line 36

2019-12-02T02:53:57+00:00 CRITICAL syntax error, unexpected '.' in C:\xampp\htdocs\cuisine\wp-content\themes\cuisine\template\template-gallery-design-1.php on line 36

2019-12-02T03:03:43+00:00 CRITICAL syntax error, unexpected '=', expecting ']' in C:\xampp\htdocs\cuisine\wp-content\themes\cuisine\template\template-gallery-design-1.php on line 44

2019-12-02T03:03:58+00:00 CRITICAL syntax error, unexpected '=', expecting ']' in C:\xampp\htdocs\cuisine\wp-content\themes\cuisine\template\template-gallery-design-1.php on line 44

2019-12-02T03:04:38+00:00 CRITICAL syntax error, unexpected '=', expecting ']' in C:\xampp\htdocs\cuisine\wp-content\themes\cuisine\template\template-gallery-design-1.php on line 44

2019-12-02T06:17:11+00:00 CRITICAL syntax error, unexpected '}' in C:\xampp\htdocs\cuisine\wp-content\themes\cuisine\inc\dev.php on line 230

2019-12-02T06:17:11+00:00 CRITICAL syntax error, unexpected '}' in C:\xampp\htdocs\cuisine\wp-content\themes\cuisine\inc\dev.php on line 230

2019-12-02T06:21:15+00:00 CRITICAL Uncaught ArgumentCountError: Too few arguments to function cuisine_comment(), 0 passed in C:\xampp\htdocs\cuisine\wp-content\themes\cuisine\template-parts\content.php on line 183 and exactly 3 expected in C:\xampp\htdocs\cuisine\wp-content\themes\cuisine\inc\dev.php:186
Stack trace:
#0 C:\xampp\htdocs\cuisine\wp-content\themes\cuisine\template-parts\content.php(183): cuisine_comment()
#1 C:\xampp\htdocs\cuisine\wp-includes\template.php(724): require('C:\\xampp\\htdocs...')
#2 C:\xampp\htdocs\cuisine\wp-includes\template.php(671): load_template('C:\\xampp\\htdocs...', false)
#3 C:\xampp\htdocs\cuisine\wp-includes\general-template.php(168): locate_template(Array, true, false)
#4 C:\xampp\htdocs\cuisine\wp-content\themes\cuisine\single.php(55): get_template_part('template-parts/...', 'post')
#5 C:\xampp\htdocs\cuisine\wp-includes\template-loader.php(98): include('C:\\xampp\\htdocs...')
#6 C:\xampp\htdocs\cuisine\wp-blog-header.php(19): require_once('C:\\xampp\\htdocs...')
#7 C:\xampp\htdocs\cuisine\index.php(17) in C:\xampp\htdocs\cuisine\wp-content\themes\cuisine\inc\dev.php on line 186

2019-12-02T06:22:27+00:00 CRITICAL Uncaught ArgumentCountError: Too few arguments to function cuisine_comment(), 1 passed in C:\xampp\htdocs\cuisine\wp-includes\class-wp-hook.php on line 288 and exactly 3 expected in C:\xampp\htdocs\cuisine\wp-content\themes\cuisine\inc\dev.php:186
Stack trace:
#0 C:\xampp\htdocs\cuisine\wp-includes\class-wp-hook.php(288): cuisine_comment(Array)
#1 C:\xampp\htdocs\cuisine\wp-includes\plugin.php(206): WP_Hook->apply_filters(Array, Array)
#2 C:\xampp\htdocs\cuisine\wp-includes\comment-template.php(2358): apply_filters('comment_form_de...', Array)
#3 C:\xampp\htdocs\cuisine\wp-content\themes\cuisine\comments.php(72): comment_form()
#4 C:\xampp\htdocs\cuisine\wp-includes\comment-template.php(1508): require('C:\\xampp\\htdocs...')
#5 C:\xampp\htdocs\cuisine\wp-content\themes\cuisine\template-parts\content.php(183): comments_template()
#6 C:\xampp\htdocs\cuisine\wp-includes\template.php(724): require('C:\\xampp\\htdocs...')
#7 C:\xampp\htdocs\cuisine\wp-includes\template.php(671): load_template('C:\\xampp\\htdocs... in C:\xampp\htdocs\cuisine\wp-content\themes\cuisine\inc\dev.php on line 186

2019-12-02T08:03:30+00:00 CRITICAL syntax error, unexpected end of file, expecting ')' in C:\xampp\htdocs\cuisine\wp-content\themes\cuisine\inc\woocommerce.php on line 56

2019-12-02T08:05:30+00:00 CRITICAL syntax error, unexpected end of file, expecting ')' in C:\xampp\htdocs\cuisine\wp-content\themes\cuisine\inc\woocommerce.php on line 56

2019-12-02T08:07:30+00:00 CRITICAL syntax error, unexpected end of file, expecting ')' in C:\xampp\htdocs\cuisine\wp-content\themes\cuisine\inc\woocommerce.php on line 56

2019-12-02T08:08:15+00:00 CRITICAL syntax error, unexpected 'if' (T_IF), expecting ')' in C:\xampp\htdocs\cuisine\wp-content\themes\cuisine\inc\woocommerce.php on line 56

2019-12-02T08:08:31+00:00 CRITICAL syntax error, unexpected 'if' (T_IF), expecting ')' in C:\xampp\htdocs\cuisine\wp-content\themes\cuisine\inc\woocommerce.php on line 56

2019-12-02T08:09:01+00:00 CRITICAL syntax error, unexpected 'if' (T_IF), expecting ')' in C:\xampp\htdocs\cuisine\wp-content\themes\cuisine\inc\woocommerce.php on line 57

2019-12-02T08:10:31+00:00 CRITICAL syntax error, unexpected 'if' (T_IF), expecting ')' in C:\xampp\htdocs\cuisine\wp-content\themes\cuisine\inc\woocommerce.php on line 57

2019-12-02T08:31:04+00:00 CRITICAL syntax error, unexpected '<' in C:\xampp\htdocs\cuisine\wp-content\themes\cuisine\inc\woocommerce.php on line 68

2019-12-02T09:21:00+00:00 CRITICAL Cannot use [] for reading in C:\xampp\htdocs\cuisine\wp-content\themes\cuisine\inc\woocommerce.php on line 105

2019-12-02T09:21:03+00:00 CRITICAL Cannot use [] for reading in C:\xampp\htdocs\cuisine\wp-content\themes\cuisine\inc\woocommerce.php on line 105

